This is pdfTeX, Version 3.14159265-2.6-1.40.18 (MiKTeX 2.9.6300 64-bit) (preloaded format=pdflatex 2017.5.12)  12 MAY 2017 14:30
entering extended mode
**./intro.tex
(intro.tex
LaTeX2e <2017-04-15>
Babel <3.9r> and hyphenation patterns for 75 language(s) loaded.

("C:\Users\Carlos Cardona\AppData\Roaming\MiKTeX\2.9\tex\latex\beamer\beamer.cl
s"
Document Class: beamer 2017/01/23 v3.41 A class for typesetting presentations

("C:\Users\Carlos Cardona\AppData\Roaming\MiKTeX\2.9\tex\latex\etoolbox\etoolbo
x.sty"
Package: etoolbox 2017/01/02 v2.4 e-TeX tools for LaTeX (JAW)
\etb@tempcnta=\count79
)
("C:\Users\Carlos Cardona\AppData\Roaming\MiKTeX\2.9\tex\latex\beamer\beamerbas
emodes.sty"
\beamer@tempbox=\box26
\beamer@tempcount=\count80
\c@beamerpauses=\count81

("C:\Users\Carlos Cardona\AppData\Roaming\MiKTeX\2.9\tex\latex\beamer\beamerbas
edecode.sty"
\beamer@slideinframe=\count82
\beamer@minimum=\count83
)
\beamer@commentbox=\box27
\beamer@modecount=\count84
) ("C:\Program Files\MiKTeX 2.9\tex\generic\oberdiek\ifpdf.sty"
Package: ifpdf 2017/03/15 v3.2 Provides the ifpdf switch
)
\headheight=\dimen102
\headdp=\dimen103
\footheight=\dimen104
\sidebarheight=\dimen105
\beamer@tempdim=\dimen106
\beamer@finalheight=\dimen107
\beamer@animht=\dimen108
\beamer@animdp=\dimen109
\beamer@animwd=\dimen110
\beamer@leftmargin=\dimen111
\beamer@rightmargin=\dimen112
\beamer@leftsidebar=\dimen113
\beamer@rightsidebar=\dimen114
\beamer@boxsize=\dimen115
\beamer@vboxoffset=\dimen116
\beamer@descdefault=\dimen117
\beamer@descriptionwidth=\dimen118
\beamer@lastskip=\skip41
\beamer@areabox=\box28
\beamer@animcurrent=\box29
\beamer@animshowbox=\box30
\beamer@sectionbox=\box31
\beamer@logobox=\box32
\beamer@linebox=\box33
\beamer@sectioncount=\count85
\beamer@subsubsectionmax=\count86
\beamer@subsectionmax=\count87
\beamer@sectionmax=\count88
\beamer@totalheads=\count89
\beamer@headcounter=\count90
\beamer@partstartpage=\count91
\beamer@sectionstartpage=\count92
\beamer@subsectionstartpage=\count93
\beamer@animationtempa=\count94
\beamer@animationtempb=\count95
\beamer@xpos=\count96
\beamer@ypos=\count97
\beamer@showpartnumber=\count98
\beamer@currentsubsection=\count99
\beamer@coveringdepth=\count100
\beamer@sectionadjust=\count101
\beamer@tocsectionnumber=\count102

("C:\Users\Carlos Cardona\AppData\Roaming\MiKTeX\2.9\tex\latex\beamer\beamerbas
eoptions.sty" ("C:\Program Files\MiKTeX 2.9\tex\latex\graphics\keyval.sty"
Package: keyval 2014/10/28 v1.15 key=value parser (DPC)
\KV@toks@=\toks14
))
\beamer@paperwidth=\skip42
\beamer@paperheight=\skip43

("C:\Program Files\MiKTeX 2.9\tex\latex\geometry\geometry.sty"
Package: geometry 2010/09/12 v5.6 Page Geometry

("C:\Program Files\MiKTeX 2.9\tex\generic\oberdiek\ifvtex.sty"
Package: ifvtex 2016/05/16 v1.6 Detect VTeX and its facilities (HO)
Package ifvtex Info: VTeX not detected.
)
("C:\Program Files\MiKTeX 2.9\tex\generic\ifxetex\ifxetex.sty"
Package: ifxetex 2010/09/12 v0.6 Provides ifxetex conditional
)
\Gm@cnth=\count103
\Gm@cntv=\count104
\c@Gm@tempcnt=\count105
\Gm@bindingoffset=\dimen119
\Gm@wd@mp=\dimen120
\Gm@odd@mp=\dimen121
\Gm@even@mp=\dimen122
\Gm@layoutwidth=\dimen123
\Gm@layoutheight=\dimen124
\Gm@layouthoffset=\dimen125
\Gm@layoutvoffset=\dimen126
\Gm@dimlist=\toks15

("C:\Program Files\MiKTeX 2.9\tex\latex\geometry\geometry.cfg"))
("C:\Program Files\MiKTeX 2.9\tex\latex\base\size11.clo"
File: size11.clo 2014/09/29 v1.4h Standard LaTeX file (size option)
)
("C:\Users\Carlos Cardona\AppData\Roaming\MiKTeX\2.9\tex\latex\pgf\basiclayer\p
gfcore.sty" ("C:\Program Files\MiKTeX 2.9\tex\latex\graphics\graphicx.sty"
Package: graphicx 2014/10/28 v1.0g Enhanced LaTeX Graphics (DPC,SPQR)

("C:\Program Files\MiKTeX 2.9\tex\latex\graphics\graphics.sty"
Package: graphics 2017/04/14 v1.1b Standard LaTeX Graphics (DPC,SPQR)

("C:\Program Files\MiKTeX 2.9\tex\latex\graphics\trig.sty"
Package: trig 2016/01/03 v1.10 sin cos tan (DPC)
)
("C:\Program Files\MiKTeX 2.9\tex\latex\graphics-cfg\graphics.cfg"
File: graphics.cfg 2016/06/04 v1.11 sample graphics configuration
)
Package graphics Info: Driver file: pdftex.def on input line 99.

("C:\Program Files\MiKTeX 2.9\tex\latex\graphics-def\pdftex.def"
File: pdftex.def 2017/01/12 v0.06k Graphics/color for pdfTeX

("C:\Program Files\MiKTeX 2.9\tex\generic\oberdiek\infwarerr.sty"
Package: infwarerr 2016/05/16 v1.4 Providing info/warning/error messages (HO)
)
("C:\Program Files\MiKTeX 2.9\tex\generic\oberdiek\ltxcmds.sty"
Package: ltxcmds 2016/05/16 v1.23 LaTeX kernel commands for general use (HO)
)
\Gread@gobject=\count106
))
\Gin@req@height=\dimen127
\Gin@req@width=\dimen128
)
("C:\Users\Carlos Cardona\AppData\Roaming\MiKTeX\2.9\tex\latex\pgf\systemlayer\
pgfsys.sty"
("C:\Users\Carlos Cardona\AppData\Roaming\MiKTeX\2.9\tex\latex\pgf\utilities\pg
frcs.sty"
("C:\Users\Carlos Cardona\AppData\Roaming\MiKTeX\2.9\tex\generic\pgf\utilities\
pgfutil-common.tex"
\pgfutil@everybye=\toks16
\pgfutil@tempdima=\dimen129
\pgfutil@tempdimb=\dimen130

("C:\Users\Carlos Cardona\AppData\Roaming\MiKTeX\2.9\tex\generic\pgf\utilities\
pgfutil-common-lists.tex"))
("C:\Users\Carlos Cardona\AppData\Roaming\MiKTeX\2.9\tex\generic\pgf\utilities\
pgfutil-latex.def"
\pgfutil@abb=\box34

("C:\Users\Carlos Cardona\AppData\Roaming\MiKTeX\2.9\tex\latex\ms\everyshi.sty"
Package: everyshi 2001/05/15 v3.00 EveryShipout Package (MS)
))
("C:\Users\Carlos Cardona\AppData\Roaming\MiKTeX\2.9\tex\generic\pgf\utilities\
pgfrcs.code.tex"
Package: pgfrcs 2015/08/07 v3.0.1a (rcs-revision 1.31)
))
("C:\Users\Carlos Cardona\AppData\Roaming\MiKTeX\2.9\tex\generic\pgf\systemlaye
r\pgfsys.code.tex"
Package: pgfsys 2014/07/09 v3.0.1a (rcs-revision 1.48)

("C:\Users\Carlos Cardona\AppData\Roaming\MiKTeX\2.9\tex\generic\pgf\utilities\
pgfkeys.code.tex"
\pgfkeys@pathtoks=\toks17
\pgfkeys@temptoks=\toks18

("C:\Users\Carlos Cardona\AppData\Roaming\MiKTeX\2.9\tex\generic\pgf\utilities\
pgfkeysfiltered.code.tex"
\pgfkeys@tmptoks=\toks19
))
\pgf@x=\dimen131
\pgf@y=\dimen132
\pgf@xa=\dimen133
\pgf@ya=\dimen134
\pgf@xb=\dimen135
\pgf@yb=\dimen136
\pgf@xc=\dimen137
\pgf@yc=\dimen138
\w@pgf@writea=\write3
\r@pgf@reada=\read1
\c@pgf@counta=\count107
\c@pgf@countb=\count108
\c@pgf@countc=\count109
\c@pgf@countd=\count110
\t@pgf@toka=\toks20
\t@pgf@tokb=\toks21
\t@pgf@tokc=\toks22

("C:\Users\Carlos Cardona\AppData\Roaming\MiKTeX\2.9\tex\generic\pgf\systemlaye
r\pgf.cfg"
File: pgf.cfg 2008/05/14  (rcs-revision 1.7)
)
Driver file for pgf: pgfsys-pdftex.def

("C:\Users\Carlos Cardona\AppData\Roaming\MiKTeX\2.9\tex\generic\pgf\systemlaye
r\pgfsys-pdftex.def"
File: pgfsys-pdftex.def 2014/10/11  (rcs-revision 1.35)

("C:\Users\Carlos Cardona\AppData\Roaming\MiKTeX\2.9\tex\generic\pgf\systemlaye
r\pgfsys-common-pdf.def"
File: pgfsys-common-pdf.def 2013/10/10  (rcs-revision 1.13)
)))
("C:\Users\Carlos Cardona\AppData\Roaming\MiKTeX\2.9\tex\generic\pgf\systemlaye
r\pgfsyssoftpath.code.tex"
File: pgfsyssoftpath.code.tex 2013/09/09  (rcs-revision 1.9)
\pgfsyssoftpath@smallbuffer@items=\count111
\pgfsyssoftpath@bigbuffer@items=\count112
)
("C:\Users\Carlos Cardona\AppData\Roaming\MiKTeX\2.9\tex\generic\pgf\systemlaye
r\pgfsysprotocol.code.tex"
File: pgfsysprotocol.code.tex 2006/10/16  (rcs-revision 1.4)
))
("C:\Users\Carlos Cardona\AppData\Roaming\MiKTeX\2.9\tex\latex\xcolor\xcolor.st
y"
Package: xcolor 2016/05/11 v2.12 LaTeX color extensions (UK)
 ("C:\Program Files\MiKTeX 2.9\tex\latex\graphics-cfg\color.cfg"
File: color.cfg 2016/01/02 v1.6 sample color configuration
)
Package xcolor Info: Driver file: pdftex.def on input line 225.
Package xcolor Info: Model `cmy' substituted by `cmy0' on input line 1348.
Package xcolor Info: Model `hsb' substituted by `rgb' on input line 1352.
Package xcolor Info: Model `RGB' extended on input line 1364.
Package xcolor Info: Model `HTML' substituted by `rgb' on input line 1366.
Package xcolor Info: Model `Hsb' substituted by `hsb' on input line 1367.
Package xcolor Info: Model `tHsb' substituted by `hsb' on input line 1368.
Package xcolor Info: Model `HSB' substituted by `hsb' on input line 1369.
Package xcolor Info: Model `Gray' substituted by `gray' on input line 1370.
Package xcolor Info: Model `wave' substituted by `hsb' on input line 1371.

("C:\Program Files\MiKTeX 2.9\tex\latex\graphics\dvipsnam.def"
File: dvipsnam.def 2016/06/17 v3.0m Driver-dependent file (DPC,SPQR)
))
("C:\Users\Carlos Cardona\AppData\Roaming\MiKTeX\2.9\tex\generic\pgf\basiclayer
\pgfcore.code.tex"
Package: pgfcore 2010/04/11 v3.0.1a (rcs-revision 1.7)

("C:\Users\Carlos Cardona\AppData\Roaming\MiKTeX\2.9\tex\generic\pgf\math\pgfma
th.code.tex"
("C:\Users\Carlos Cardona\AppData\Roaming\MiKTeX\2.9\tex\generic\pgf\math\pgfma
thcalc.code.tex"
("C:\Users\Carlos Cardona\AppData\Roaming\MiKTeX\2.9\tex\generic\pgf\math\pgfma
thutil.code.tex")
("C:\Users\Carlos Cardona\AppData\Roaming\MiKTeX\2.9\tex\generic\pgf\math\pgfma
thparser.code.tex"
\pgfmath@dimen=\dimen139
\pgfmath@count=\count113
\pgfmath@box=\box35
\pgfmath@toks=\toks23
\pgfmath@stack@operand=\toks24
\pgfmath@stack@operation=\toks25
)
("C:\Users\Carlos Cardona\AppData\Roaming\MiKTeX\2.9\tex\generic\pgf\math\pgfma
thfunctions.code.tex"
("C:\Users\Carlos Cardona\AppData\Roaming\MiKTeX\2.9\tex\generic\pgf\math\pgfma
thfunctions.basic.code.tex")
("C:\Users\Carlos Cardona\AppData\Roaming\MiKTeX\2.9\tex\generic\pgf\math\pgfma
thfunctions.trigonometric.code.tex")
("C:\Users\Carlos Cardona\AppData\Roaming\MiKTeX\2.9\tex\generic\pgf\math\pgfma
thfunctions.random.code.tex")
("C:\Users\Carlos Cardona\AppData\Roaming\MiKTeX\2.9\tex\generic\pgf\math\pgfma
thfunctions.comparison.code.tex")
("C:\Users\Carlos Cardona\AppData\Roaming\MiKTeX\2.9\tex\generic\pgf\math\pgfma
thfunctions.base.code.tex")
("C:\Users\Carlos Cardona\AppData\Roaming\MiKTeX\2.9\tex\generic\pgf\math\pgfma
thfunctions.round.code.tex")
("C:\Users\Carlos Cardona\AppData\Roaming\MiKTeX\2.9\tex\generic\pgf\math\pgfma
thfunctions.misc.code.tex")
("C:\Users\Carlos Cardona\AppData\Roaming\MiKTeX\2.9\tex\generic\pgf\math\pgfma
thfunctions.integerarithmetics.code.tex")))
("C:\Users\Carlos Cardona\AppData\Roaming\MiKTeX\2.9\tex\generic\pgf\math\pgfma
thfloat.code.tex"
\c@pgfmathroundto@lastzeros=\count114
))
("C:\Users\Carlos Cardona\AppData\Roaming\MiKTeX\2.9\tex\generic\pgf\basiclayer
\pgfcorepoints.code.tex"
File: pgfcorepoints.code.tex 2013/10/07  (rcs-revision 1.27)
\pgf@picminx=\dimen140
\pgf@picmaxx=\dimen141
\pgf@picminy=\dimen142
\pgf@picmaxy=\dimen143
\pgf@pathminx=\dimen144
\pgf@pathmaxx=\dimen145
\pgf@pathminy=\dimen146
\pgf@pathmaxy=\dimen147
\pgf@xx=\dimen148
\pgf@xy=\dimen149
\pgf@yx=\dimen150
\pgf@yy=\dimen151
\pgf@zx=\dimen152
\pgf@zy=\dimen153
)
("C:\Users\Carlos Cardona\AppData\Roaming\MiKTeX\2.9\tex\generic\pgf\basiclayer
\pgfcorepathconstruct.code.tex"
File: pgfcorepathconstruct.code.tex 2013/10/07  (rcs-revision 1.29)
\pgf@path@lastx=\dimen154
\pgf@path@lasty=\dimen155
)
("C:\Users\Carlos Cardona\AppData\Roaming\MiKTeX\2.9\tex\generic\pgf\basiclayer
\pgfcorepathusage.code.tex"
File: pgfcorepathusage.code.tex 2014/11/02  (rcs-revision 1.24)
\pgf@shorten@end@additional=\dimen156
\pgf@shorten@start@additional=\dimen157
)
("C:\Users\Carlos Cardona\AppData\Roaming\MiKTeX\2.9\tex\generic\pgf\basiclayer
\pgfcorescopes.code.tex"
File: pgfcorescopes.code.tex 2015/05/08  (rcs-revision 1.46)
\pgfpic=\box36
\pgf@hbox=\box37
\pgf@layerbox@main=\box38
\pgf@picture@serial@count=\count115
)
("C:\Users\Carlos Cardona\AppData\Roaming\MiKTeX\2.9\tex\generic\pgf\basiclayer
\pgfcoregraphicstate.code.tex"
File: pgfcoregraphicstate.code.tex 2014/11/02  (rcs-revision 1.12)
\pgflinewidth=\dimen158
)
("C:\Users\Carlos Cardona\AppData\Roaming\MiKTeX\2.9\tex\generic\pgf\basiclayer
\pgfcoretransformations.code.tex"
File: pgfcoretransformations.code.tex 2015/08/07  (rcs-revision 1.20)
\pgf@pt@x=\dimen159
\pgf@pt@y=\dimen160
\pgf@pt@temp=\dimen161
)
("C:\Users\Carlos Cardona\AppData\Roaming\MiKTeX\2.9\tex\generic\pgf\basiclayer
\pgfcorequick.code.tex"
File: pgfcorequick.code.tex 2008/10/09  (rcs-revision 1.3)
)
("C:\Users\Carlos Cardona\AppData\Roaming\MiKTeX\2.9\tex\generic\pgf\basiclayer
\pgfcoreobjects.code.tex"
File: pgfcoreobjects.code.tex 2006/10/11  (rcs-revision 1.2)
)
("C:\Users\Carlos Cardona\AppData\Roaming\MiKTeX\2.9\tex\generic\pgf\basiclayer
\pgfcorepathprocessing.code.tex"
File: pgfcorepathprocessing.code.tex 2013/09/09  (rcs-revision 1.9)
)
("C:\Users\Carlos Cardona\AppData\Roaming\MiKTeX\2.9\tex\generic\pgf\basiclayer
\pgfcorearrows.code.tex"
File: pgfcorearrows.code.tex 2015/05/14  (rcs-revision 1.43)
\pgfarrowsep=\dimen162
)
("C:\Users\Carlos Cardona\AppData\Roaming\MiKTeX\2.9\tex\generic\pgf\basiclayer
\pgfcoreshade.code.tex"
File: pgfcoreshade.code.tex 2013/07/15  (rcs-revision 1.15)
\pgf@max=\dimen163
\pgf@sys@shading@range@num=\count116
)
("C:\Users\Carlos Cardona\AppData\Roaming\MiKTeX\2.9\tex\generic\pgf\basiclayer
\pgfcoreimage.code.tex"
File: pgfcoreimage.code.tex 2013/07/15  (rcs-revision 1.18)

("C:\Users\Carlos Cardona\AppData\Roaming\MiKTeX\2.9\tex\generic\pgf\basiclayer
\pgfcoreexternal.code.tex"
File: pgfcoreexternal.code.tex 2014/07/09  (rcs-revision 1.21)
\pgfexternal@startupbox=\box39
))
("C:\Users\Carlos Cardona\AppData\Roaming\MiKTeX\2.9\tex\generic\pgf\basiclayer
\pgfcorelayers.code.tex"
File: pgfcorelayers.code.tex 2013/07/18  (rcs-revision 1.7)
)
("C:\Users\Carlos Cardona\AppData\Roaming\MiKTeX\2.9\tex\generic\pgf\basiclayer
\pgfcoretransparency.code.tex"
File: pgfcoretransparency.code.tex 2013/09/30  (rcs-revision 1.5)
)
("C:\Users\Carlos Cardona\AppData\Roaming\MiKTeX\2.9\tex\generic\pgf\basiclayer
\pgfcorepatterns.code.tex"
File: pgfcorepatterns.code.tex 2013/11/07  (rcs-revision 1.5)
)))
("C:\Users\Carlos Cardona\AppData\Roaming\MiKTeX\2.9\tex\latex\pgf\utilities\xx
color.sty"
Package: xxcolor 2003/10/24 ver 0.1
\XC@nummixins=\count117
\XC@countmixins=\count118
) ("C:\Program Files\MiKTeX 2.9\tex\generic\oberdiek\atbegshi.sty"
Package: atbegshi 2016/06/09 v1.18 At begin shipout hook (HO)
)
("C:\Program Files\MiKTeX 2.9\tex\latex\hyperref\hyperref.sty"
Package: hyperref 2017/03/14 v6.85a Hypertext links for LaTeX

("C:\Program Files\MiKTeX 2.9\tex\generic\oberdiek\hobsub-hyperref.sty"
Package: hobsub-hyperref 2016/05/16 v1.14 Bundle oberdiek, subset hyperref (HO)


("C:\Program Files\MiKTeX 2.9\tex\generic\oberdiek\hobsub-generic.sty"
Package: hobsub-generic 2016/05/16 v1.14 Bundle oberdiek, subset generic (HO)
Package: hobsub 2016/05/16 v1.14 Construct package bundles (HO)
Package hobsub Info: Skipping package `infwarerr' (already loaded).
Package hobsub Info: Skipping package `ltxcmds' (already loaded).
Package: ifluatex 2016/05/16 v1.4 Provides the ifluatex switch (HO)
Package ifluatex Info: LuaTeX not detected.
Package hobsub Info: Skipping package `ifvtex' (already loaded).
Package: intcalc 2016/05/16 v1.2 Expandable calculations with integers (HO)
Package hobsub Info: Skipping package `ifpdf' (already loaded).
Package: etexcmds 2016/05/16 v1.6 Avoid name clashes with e-TeX commands (HO)
Package etexcmds Info: Could not find \expanded.
(etexcmds)             That can mean that you are not using pdfTeX 1.50 or
(etexcmds)             that some package has redefined \expanded.
(etexcmds)             In the latter case, load this package earlier.
Package: kvsetkeys 2016/05/16 v1.17 Key value parser (HO)
Package: kvdefinekeys 2016/05/16 v1.4 Define keys (HO)
Package: pdftexcmds 2017/03/19 v0.25 Utility functions of pdfTeX for LuaTeX (HO
)
Package pdftexcmds Info: LuaTeX not detected.
Package pdftexcmds Info: \pdf@primitive is available.
Package pdftexcmds Info: \pdf@ifprimitive is available.
Package pdftexcmds Info: \pdfdraftmode found.
Package: pdfescape 2016/05/16 v1.14 Implements pdfTeX's escape features (HO)
Package: bigintcalc 2016/05/16 v1.4 Expandable calculations on big integers (HO
)
Package: bitset 2016/05/16 v1.2 Handle bit-vector datatype (HO)
Package: uniquecounter 2016/05/16 v1.3 Provide unlimited unique counter (HO)
)
Package hobsub Info: Skipping package `hobsub' (already loaded).
Package: letltxmacro 2016/05/16 v1.5 Let assignment for LaTeX macros (HO)
Package: hopatch 2016/05/16 v1.3 Wrapper for package hooks (HO)
Package: xcolor-patch 2016/05/16 xcolor patch
Package: atveryend 2016/05/16 v1.9 Hooks at the very end of document (HO)
Package hobsub Info: Skipping package `atbegshi' (already loaded).
Package: refcount 2016/05/16 v3.5 Data extraction from label references (HO)
Package: hycolor 2016/05/16 v1.8 Color options for hyperref/bookmark (HO)
)
("C:\Program Files\MiKTeX 2.9\tex\latex\oberdiek\auxhook.sty"
Package: auxhook 2016/05/16 v1.4 Hooks for auxiliary files (HO)
)
("C:\Program Files\MiKTeX 2.9\tex\latex\oberdiek\kvoptions.sty"
Package: kvoptions 2016/05/16 v3.12 Key value format for package options (HO)
)
\@linkdim=\dimen164
\Hy@linkcounter=\count119
\Hy@pagecounter=\count120

("C:\Program Files\MiKTeX 2.9\tex\latex\hyperref\pd1enc.def"
File: pd1enc.def 2017/03/14 v6.85a Hyperref: PDFDocEncoding definition (HO)
)
\Hy@SavedSpaceFactor=\count121

("C:\Program Files\MiKTeX 2.9\tex\latex\00miktex\hyperref.cfg"
File: hyperref.cfg 2002/06/06 v1.2 hyperref configuration of TeXLive
)
Package hyperref Info: Option `bookmarks' set `true' on input line 4374.
Package hyperref Info: Option `bookmarksopen' set `true' on input line 4374.
Package hyperref Info: Option `implicit' set `false' on input line 4374.
Package hyperref Info: Hyper figures OFF on input line 4498.
Package hyperref Info: Link nesting OFF on input line 4503.
Package hyperref Info: Hyper index ON on input line 4506.
Package hyperref Info: Plain pages OFF on input line 4513.
Package hyperref Info: Backreferencing OFF on input line 4518.
Package hyperref Info: Implicit mode OFF; no redefinition of LaTeX internals.
Package hyperref Info: Bookmarks ON on input line 4751.
\c@Hy@tempcnt=\count122

("C:\Users\Carlos Cardona\AppData\Roaming\MiKTeX\2.9\tex\latex\url\url.sty"
\Urlmuskip=\muskip10
Package: url 2013/09/16  ver 3.4  Verb mode for urls, etc.
)
LaTeX Info: Redefining \url on input line 5104.
\XeTeXLinkMargin=\dimen165
\Fld@menulength=\count123
\Field@Width=\dimen166
\Fld@charsize=\dimen167
Package hyperref Info: Hyper figures OFF on input line 6358.
Package hyperref Info: Link nesting OFF on input line 6363.
Package hyperref Info: Hyper index ON on input line 6366.
Package hyperref Info: backreferencing OFF on input line 6373.
Package hyperref Info: Link coloring OFF on input line 6378.
Package hyperref Info: Link coloring with OCG OFF on input line 6383.
Package hyperref Info: PDF/A mode OFF on input line 6388.
LaTeX Info: Redefining \ref on input line 6428.
LaTeX Info: Redefining \pageref on input line 6432.
\Hy@abspage=\count124


Package hyperref Message: Stopped early.

)

Package hyperref Message: Driver (autodetected): hpdftex.

("C:\Program Files\MiKTeX 2.9\tex\latex\hyperref\hpdftex.def"
File: hpdftex.def 2017/03/14 v6.85a Hyperref driver for pdfTeX
\Fld@listcount=\count125
\c@bookmark@seq@number=\count126

("C:\Program Files\MiKTeX 2.9\tex\latex\oberdiek\rerunfilecheck.sty"
Package: rerunfilecheck 2016/05/16 v1.8 Rerun checks for auxiliary files (HO)
Package uniquecounter Info: New unique counter `rerunfilecheck' on input line 2
82.
))
("C:\Users\Carlos Cardona\AppData\Roaming\MiKTeX\2.9\tex\latex\beamer\beamerbas
erequires.sty"
("C:\Users\Carlos Cardona\AppData\Roaming\MiKTeX\2.9\tex\latex\beamer\beamerbas
ecompatibility.sty")
("C:\Users\Carlos Cardona\AppData\Roaming\MiKTeX\2.9\tex\latex\beamer\beamerbas
efont.sty" ("C:\Program Files\MiKTeX 2.9\tex\latex\amsfonts\amssymb.sty"
Package: amssymb 2013/01/14 v3.01 AMS font symbols

("C:\Program Files\MiKTeX 2.9\tex\latex\amsfonts\amsfonts.sty"
Package: amsfonts 2013/01/14 v3.01 Basic AMSFonts support
\@emptytoks=\toks26
\symAMSa=\mathgroup4
\symAMSb=\mathgroup5
LaTeX Font Info:    Overwriting math alphabet `\mathfrak' in version `bold'
(Font)                  U/euf/m/n --> U/euf/b/n on input line 106.
))
("C:\Users\Carlos Cardona\AppData\Roaming\MiKTeX\2.9\tex\latex\sansmathaccent\s
ansmathaccent.sty"
Package: sansmathaccent 2013/03/28

("C:\Users\Carlos Cardona\AppData\Roaming\MiKTeX\2.9\tex\latex\filehook\filehoo
k.sty"
Package: filehook 2011/10/12 v0.5d Hooks for input files
)))
("C:\Users\Carlos Cardona\AppData\Roaming\MiKTeX\2.9\tex\latex\beamer\beamerbas
etranslator.sty"
("C:\Users\Carlos Cardona\AppData\Roaming\MiKTeX\2.9\tex\latex\beamer\translato
r\translator.sty"
Package: translator 2010/06/12 ver 1.10

("C:\Users\Carlos Cardona\AppData\Roaming\MiKTeX\2.9\tex\latex\beamer\translato
r\translator-language-mappings.tex")))
("C:\Users\Carlos Cardona\AppData\Roaming\MiKTeX\2.9\tex\latex\beamer\beamerbas
emisc.sty")
("C:\Users\Carlos Cardona\AppData\Roaming\MiKTeX\2.9\tex\latex\beamer\beamerbas
etwoscreens.sty")
("C:\Users\Carlos Cardona\AppData\Roaming\MiKTeX\2.9\tex\latex\beamer\beamerbas
eoverlay.sty"
\beamer@argscount=\count127
\beamer@lastskipcover=\skip44
\beamer@trivlistdepth=\count128
)
("C:\Users\Carlos Cardona\AppData\Roaming\MiKTeX\2.9\tex\latex\beamer\beamerbas
etitle.sty")
("C:\Users\Carlos Cardona\AppData\Roaming\MiKTeX\2.9\tex\latex\beamer\beamerbas
esection.sty"
\c@lecture=\count129
\c@part=\count130
\c@section=\count131
\c@subsection=\count132
\c@subsubsection=\count133
)
("C:\Users\Carlos Cardona\AppData\Roaming\MiKTeX\2.9\tex\latex\beamer\beamerbas
eframe.sty"
\beamer@framebox=\box40
\beamer@frametitlebox=\box41
\beamer@zoombox=\box42
\beamer@zoomcount=\count134
\beamer@zoomframecount=\count135
\beamer@frametextheight=\dimen168
\c@subsectionslide=\count136
\beamer@frametopskip=\skip45
\beamer@framebottomskip=\skip46
\beamer@frametopskipautobreak=\skip47
\beamer@framebottomskipautobreak=\skip48
\beamer@envbody=\toks27
\framewidth=\dimen169
\c@framenumber=\count137
)
("C:\Users\Carlos Cardona\AppData\Roaming\MiKTeX\2.9\tex\latex\beamer\beamerbas
everbatim.sty"
\beamer@verbatimfileout=\write4
)
("C:\Users\Carlos Cardona\AppData\Roaming\MiKTeX\2.9\tex\latex\beamer\beamerbas
eframesize.sty"
\beamer@splitbox=\box43
\beamer@autobreakcount=\count138
\beamer@autobreaklastheight=\dimen170
\beamer@frametitletoks=\toks28
\beamer@framesubtitletoks=\toks29
)
("C:\Users\Carlos Cardona\AppData\Roaming\MiKTeX\2.9\tex\latex\beamer\beamerbas
eframecomponents.sty"
\beamer@footins=\box44
)
("C:\Users\Carlos Cardona\AppData\Roaming\MiKTeX\2.9\tex\latex\beamer\beamerbas
ecolor.sty")
("C:\Users\Carlos Cardona\AppData\Roaming\MiKTeX\2.9\tex\latex\beamer\beamerbas
enotes.sty"
\beamer@frameboxcopy=\box45
)
("C:\Users\Carlos Cardona\AppData\Roaming\MiKTeX\2.9\tex\latex\beamer\beamerbas
etoc.sty")
("C:\Users\Carlos Cardona\AppData\Roaming\MiKTeX\2.9\tex\latex\beamer\beamerbas
etemplates.sty"
\beamer@sbttoks=\toks30

("C:\Users\Carlos Cardona\AppData\Roaming\MiKTeX\2.9\tex\latex\beamer\beamerbas
eauxtemplates.sty"
("C:\Users\Carlos Cardona\AppData\Roaming\MiKTeX\2.9\tex\latex\beamer\beamerbas
eboxes.sty"
\bmb@box=\box46
\bmb@colorbox=\box47
\bmb@boxshadow=\box48
\bmb@boxshadowball=\box49
\bmb@boxshadowballlarge=\box50
\bmb@temp=\dimen171
\bmb@dima=\dimen172
\bmb@dimb=\dimen173
\bmb@prevheight=\dimen174
)
\beamer@blockheadheight=\dimen175
))
("C:\Users\Carlos Cardona\AppData\Roaming\MiKTeX\2.9\tex\latex\beamer\beamerbas
elocalstructure.sty" ("C:\Program Files\MiKTeX 2.9\tex\latex\tools\enumerate.st
y"
Package: enumerate 2015/07/23 v3.00 enumerate extensions (DPC)
\@enLab=\toks31
)
\c@figure=\count139
\c@table=\count140
\abovecaptionskip=\skip49
\belowcaptionskip=\skip50
)
("C:\Users\Carlos Cardona\AppData\Roaming\MiKTeX\2.9\tex\latex\beamer\beamerbas
enavigation.sty"
\beamer@section@min@dim=\dimen176
)
("C:\Users\Carlos Cardona\AppData\Roaming\MiKTeX\2.9\tex\latex\beamer\beamerbas
etheorems.sty" ("C:\Program Files\MiKTeX 2.9\tex\latex\amsmath\amsmath.sty"
Package: amsmath 2016/11/05 v2.16a AMS math features
\@mathmargin=\skip51

For additional information on amsmath, use the `?' option.
("C:\Program Files\MiKTeX 2.9\tex\latex\amsmath\amstext.sty"
Package: amstext 2000/06/29 v2.01 AMS text

("C:\Program Files\MiKTeX 2.9\tex\latex\amsmath\amsgen.sty"
File: amsgen.sty 1999/11/30 v2.0 generic functions
\@emptytoks=\toks32
\ex@=\dimen177
))
("C:\Program Files\MiKTeX 2.9\tex\latex\amsmath\amsbsy.sty"
Package: amsbsy 1999/11/29 v1.2d Bold Symbols
\pmbraise@=\dimen178
)
("C:\Program Files\MiKTeX 2.9\tex\latex\amsmath\amsopn.sty"
Package: amsopn 2016/03/08 v2.02 operator names
)
\inf@bad=\count141
LaTeX Info: Redefining \frac on input line 213.
\uproot@=\count142
\leftroot@=\count143
LaTeX Info: Redefining \overline on input line 375.
\classnum@=\count144
\DOTSCASE@=\count145
LaTeX Info: Redefining \ldots on input line 472.
LaTeX Info: Redefining \dots on input line 475.
LaTeX Info: Redefining \cdots on input line 596.
\Mathstrutbox@=\box51
\strutbox@=\box52
\big@size=\dimen179
LaTeX Font Info:    Redeclaring font encoding OML on input line 712.
LaTeX Font Info:    Redeclaring font encoding OMS on input line 713.
\macc@depth=\count146
\c@MaxMatrixCols=\count147
\dotsspace@=\muskip11
\c@parentequation=\count148
\dspbrk@lvl=\count149
\tag@help=\toks33
\row@=\count150
\column@=\count151
\maxfields@=\count152
\andhelp@=\toks34
\eqnshift@=\dimen180
\alignsep@=\dimen181
\tagshift@=\dimen182
\tagwidth@=\dimen183
\totwidth@=\dimen184
\lineht@=\dimen185
\@envbody=\toks35
\multlinegap=\skip52
\multlinetaggap=\skip53
\mathdisplay@stack=\toks36
LaTeX Info: Redefining \[ on input line 2817.
LaTeX Info: Redefining \] on input line 2818.
)
("C:\Program Files\MiKTeX 2.9\tex\latex\amscls\amsthm.sty"
Package: amsthm 2015/03/04 v2.20.2
\thm@style=\toks37
\thm@bodyfont=\toks38
\thm@headfont=\toks39
\thm@notefont=\toks40
\thm@headpunct=\toks41
\thm@preskip=\skip54
\thm@postskip=\skip55
\thm@headsep=\skip56
\dth@everypar=\toks42
)
\c@theorem=\count153
)
("C:\Users\Carlos Cardona\AppData\Roaming\MiKTeX\2.9\tex\latex\beamer\beamerbas
ethemes.sty"))
("C:\Users\Carlos Cardona\AppData\Roaming\MiKTeX\2.9\tex\latex\beamer\themes\th
eme\beamerthemedefault.sty"
("C:\Users\Carlos Cardona\AppData\Roaming\MiKTeX\2.9\tex\latex\beamer\themes\fo
nt\beamerfontthemedefault.sty")
("C:\Users\Carlos Cardona\AppData\Roaming\MiKTeX\2.9\tex\latex\beamer\themes\co
lor\beamercolorthemedefault.sty")
("C:\Users\Carlos Cardona\AppData\Roaming\MiKTeX\2.9\tex\latex\beamer\themes\in
ner\beamerinnerthemedefault.sty"
\beamer@dima=\dimen186
\beamer@dimb=\dimen187
)
("C:\Users\Carlos Cardona\AppData\Roaming\MiKTeX\2.9\tex\latex\beamer\themes\ou
ter\beamerouterthemedefault.sty")))
("C:\Users\Carlos Cardona\AppData\Roaming\MiKTeX\2.9\tex\latex\beamer\themes\th
eme\beamerthemeCambridgeUS.sty"
("C:\Users\Carlos Cardona\AppData\Roaming\MiKTeX\2.9\tex\latex\beamer\themes\in
ner\beamerinnerthemerounded.sty")
("C:\Users\Carlos Cardona\AppData\Roaming\MiKTeX\2.9\tex\latex\beamer\themes\ou
ter\beamerouterthemeinfolines.sty")
("C:\Users\Carlos Cardona\AppData\Roaming\MiKTeX\2.9\tex\latex\beamer\themes\co
lor\beamercolorthemebeaver.sty"))
("C:\Users\Carlos Cardona\AppData\Roaming\MiKTeX\2.9\tex\latex\caption\caption.
sty"
Package: caption 2016/02/21 v3.3-144 Customizing captions (AR)

("C:\Users\Carlos Cardona\AppData\Roaming\MiKTeX\2.9\tex\latex\caption\caption3
.sty"
Package: caption3 2016/05/22 v1.7-166 caption3 kernel (AR)
Package caption3 Info: TeX engine: e-TeX on input line 67.
\captionmargin=\dimen188
\captionmargin@=\dimen189
\captionwidth=\dimen190
\caption@tempdima=\dimen191
\caption@indent=\dimen192
\caption@parindent=\dimen193
\caption@hangindent=\dimen194
)
\c@ContinuedFloat=\count154
Package caption Info: beamer document class.
Package caption Info: hyperref package is loaded.
Package caption Info: Hyperref support is turned off
(caption)             because hyperref has stopped early.
) ("C:\Program Files\MiKTeX 2.9\tex\latex\base\inputenc.sty"
Package: inputenc 2015/03/17 v1.2c Input encoding file
\inpenc@prehook=\toks43
\inpenc@posthook=\toks44

("C:\Program Files\MiKTeX 2.9\tex\latex\base\utf8.def"
File: utf8.def 2017/01/28 v1.1t UTF-8 support for inputenc
Now handling font encoding OML ...
... no UTF-8 mapping file for font encoding OML
Now handling font encoding T1 ...
... processing UTF-8 mapping file for font encoding T1

("C:\Program Files\MiKTeX 2.9\tex\latex\base\t1enc.dfu"
File: t1enc.dfu 2017/01/28 v1.1t UTF-8 support for inputenc
   defining Unicode char U+00A0 (decimal 160)
   defining Unicode char U+00A1 (decimal 161)
   defining Unicode char U+00A3 (decimal 163)
   defining Unicode char U+00AB (decimal 171)
   defining Unicode char U+00AD (decimal 173)
   defining Unicode char U+00BB (decimal 187)
   defining Unicode char U+00BF (decimal 191)
   defining Unicode char U+00C0 (decimal 192)
   defining Unicode char U+00C1 (decimal 193)
   defining Unicode char U+00C2 (decimal 194)
   defining Unicode char U+00C3 (decimal 195)
   defining Unicode char U+00C4 (decimal 196)
   defining Unicode char U+00C5 (decimal 197)
   defining Unicode char U+00C6 (decimal 198)
   defining Unicode char U+00C7 (decimal 199)
   defining Unicode char U+00C8 (decimal 200)
   defining Unicode char U+00C9 (decimal 201)
   defining Unicode char U+00CA (decimal 202)
   defining Unicode char U+00CB (decimal 203)
   defining Unicode char U+00CC (decimal 204)
   defining Unicode char U+00CD (decimal 205)
   defining Unicode char U+00CE (decimal 206)
   defining Unicode char U+00CF (decimal 207)
   defining Unicode char U+00D0 (decimal 208)
   defining Unicode char U+00D1 (decimal 209)
   defining Unicode char U+00D2 (decimal 210)
   defining Unicode char U+00D3 (decimal 211)
   defining Unicode char U+00D4 (decimal 212)
   defining Unicode char U+00D5 (decimal 213)
   defining Unicode char U+00D6 (decimal 214)
   defining Unicode char U+00D8 (decimal 216)
   defining Unicode char U+00D9 (decimal 217)
   defining Unicode char U+00DA (decimal 218)
   defining Unicode char U+00DB (decimal 219)
   defining Unicode char U+00DC (decimal 220)
   defining Unicode char U+00DD (decimal 221)
   defining Unicode char U+00DE (decimal 222)
   defining Unicode char U+00DF (decimal 223)
   defining Unicode char U+00E0 (decimal 224)
   defining Unicode char U+00E1 (decimal 225)
   defining Unicode char U+00E2 (decimal 226)
   defining Unicode char U+00E3 (decimal 227)
   defining Unicode char U+00E4 (decimal 228)
   defining Unicode char U+00E5 (decimal 229)
   defining Unicode char U+00E6 (decimal 230)
   defining Unicode char U+00E7 (decimal 231)
   defining Unicode char U+00E8 (decimal 232)
   defining Unicode char U+00E9 (decimal 233)
   defining Unicode char U+00EA (decimal 234)
   defining Unicode char U+00EB (decimal 235)
   defining Unicode char U+00EC (decimal 236)
   defining Unicode char U+00ED (decimal 237)
   defining Unicode char U+00EE (decimal 238)
   defining Unicode char U+00EF (decimal 239)
   defining Unicode char U+00F0 (decimal 240)
   defining Unicode char U+00F1 (decimal 241)
   defining Unicode char U+00F2 (decimal 242)
   defining Unicode char U+00F3 (decimal 243)
   defining Unicode char U+00F4 (decimal 244)
   defining Unicode char U+00F5 (decimal 245)
   defining Unicode char U+00F6 (decimal 246)
   defining Unicode char U+00F8 (decimal 248)
   defining Unicode char U+00F9 (decimal 249)
   defining Unicode char U+00FA (decimal 250)
   defining Unicode char U+00FB (decimal 251)
   defining Unicode char U+00FC (decimal 252)
   defining Unicode char U+00FD (decimal 253)
   defining Unicode char U+00FE (decimal 254)
   defining Unicode char U+00FF (decimal 255)
   defining Unicode char U+0100 (decimal 256)
   defining Unicode char U+0101 (decimal 257)
   defining Unicode char U+0102 (decimal 258)
   defining Unicode char U+0103 (decimal 259)
   defining Unicode char U+0104 (decimal 260)
   defining Unicode char U+0105 (decimal 261)
   defining Unicode char U+0106 (decimal 262)
   defining Unicode char U+0107 (decimal 263)
   defining Unicode char U+0108 (decimal 264)
   defining Unicode char U+0109 (decimal 265)
   defining Unicode char U+010A (decimal 266)
   defining Unicode char U+010B (decimal 267)
   defining Unicode char U+010C (decimal 268)
   defining Unicode char U+010D (decimal 269)
   defining Unicode char U+010E (decimal 270)
   defining Unicode char U+010F (decimal 271)
   defining Unicode char U+0110 (decimal 272)
   defining Unicode char U+0111 (decimal 273)
   defining Unicode char U+0112 (decimal 274)
   defining Unicode char U+0113 (decimal 275)
   defining Unicode char U+0114 (decimal 276)
   defining Unicode char U+0115 (decimal 277)
   defining Unicode char U+0116 (decimal 278)
   defining Unicode char U+0117 (decimal 279)
   defining Unicode char U+0118 (decimal 280)
   defining Unicode char U+0119 (decimal 281)
   defining Unicode char U+011A (decimal 282)
   defining Unicode char U+011B (decimal 283)
   defining Unicode char U+011C (decimal 284)
   defining Unicode char U+011D (decimal 285)
   defining Unicode char U+011E (decimal 286)
   defining Unicode char U+011F (decimal 287)
   defining Unicode char U+0120 (decimal 288)
   defining Unicode char U+0121 (decimal 289)
   defining Unicode char U+0122 (decimal 290)
   defining Unicode char U+0123 (decimal 291)
   defining Unicode char U+0124 (decimal 292)
   defining Unicode char U+0125 (decimal 293)
   defining Unicode char U+0128 (decimal 296)
   defining Unicode char U+0129 (decimal 297)
   defining Unicode char U+012A (decimal 298)
   defining Unicode char U+012B (decimal 299)
   defining Unicode char U+012C (decimal 300)
   defining Unicode char U+012D (decimal 301)
   defining Unicode char U+012E (decimal 302)
   defining Unicode char U+012F (decimal 303)
   defining Unicode char U+0130 (decimal 304)
   defining Unicode char U+0131 (decimal 305)
   defining Unicode char U+0132 (decimal 306)
   defining Unicode char U+0133 (decimal 307)
   defining Unicode char U+0134 (decimal 308)
   defining Unicode char U+0135 (decimal 309)
   defining Unicode char U+0136 (decimal 310)
   defining Unicode char U+0137 (decimal 311)
   defining Unicode char U+0139 (decimal 313)
   defining Unicode char U+013A (decimal 314)
   defining Unicode char U+013B (decimal 315)
   defining Unicode char U+013C (decimal 316)
   defining Unicode char U+013D (decimal 317)
   defining Unicode char U+013E (decimal 318)
   defining Unicode char U+0141 (decimal 321)
   defining Unicode char U+0142 (decimal 322)
   defining Unicode char U+0143 (decimal 323)
   defining Unicode char U+0144 (decimal 324)
   defining Unicode char U+0145 (decimal 325)
   defining Unicode char U+0146 (decimal 326)
   defining Unicode char U+0147 (decimal 327)
   defining Unicode char U+0148 (decimal 328)
   defining Unicode char U+014A (decimal 330)
   defining Unicode char U+014B (decimal 331)
   defining Unicode char U+014C (decimal 332)
   defining Unicode char U+014D (decimal 333)
   defining Unicode char U+014E (decimal 334)
   defining Unicode char U+014F (decimal 335)
   defining Unicode char U+0150 (decimal 336)
   defining Unicode char U+0151 (decimal 337)
   defining Unicode char U+0152 (decimal 338)
   defining Unicode char U+0153 (decimal 339)
   defining Unicode char U+0154 (decimal 340)
   defining Unicode char U+0155 (decimal 341)
   defining Unicode char U+0156 (decimal 342)
   defining Unicode char U+0157 (decimal 343)
   defining Unicode char U+0158 (decimal 344)
   defining Unicode char U+0159 (decimal 345)
   defining Unicode char U+015A (decimal 346)
   defining Unicode char U+015B (decimal 347)
   defining Unicode char U+015C (decimal 348)
   defining Unicode char U+015D (decimal 349)
   defining Unicode char U+015E (decimal 350)
   defining Unicode char U+015F (decimal 351)
   defining Unicode char U+0160 (decimal 352)
   defining Unicode char U+0161 (decimal 353)
   defining Unicode char U+0162 (decimal 354)
   defining Unicode char U+0163 (decimal 355)
   defining Unicode char U+0164 (decimal 356)
   defining Unicode char U+0165 (decimal 357)
   defining Unicode char U+0168 (decimal 360)
   defining Unicode char U+0169 (decimal 361)
   defining Unicode char U+016A (decimal 362)
   defining Unicode char U+016B (decimal 363)
   defining Unicode char U+016C (decimal 364)
   defining Unicode char U+016D (decimal 365)
   defining Unicode char U+016E (decimal 366)
   defining Unicode char U+016F (decimal 367)
   defining Unicode char U+0170 (decimal 368)
   defining Unicode char U+0171 (decimal 369)
   defining Unicode char U+0172 (decimal 370)
   defining Unicode char U+0173 (decimal 371)
   defining Unicode char U+0174 (decimal 372)
   defining Unicode char U+0175 (decimal 373)
   defining Unicode char U+0176 (decimal 374)
   defining Unicode char U+0177 (decimal 375)
   defining Unicode char U+0178 (decimal 376)
   defining Unicode char U+0179 (decimal 377)
   defining Unicode char U+017A (decimal 378)
   defining Unicode char U+017B (decimal 379)
   defining Unicode char U+017C (decimal 380)
   defining Unicode char U+017D (decimal 381)
   defining Unicode char U+017E (decimal 382)
   defining Unicode char U+01CD (decimal 461)
   defining Unicode char U+01CE (decimal 462)
   defining Unicode char U+01CF (decimal 463)
   defining Unicode char U+01D0 (decimal 464)
   defining Unicode char U+01D1 (decimal 465)
   defining Unicode char U+01D2 (decimal 466)
   defining Unicode char U+01D3 (decimal 467)
   defining Unicode char U+01D4 (decimal 468)
   defining Unicode char U+01E2 (decimal 482)
   defining Unicode char U+01E3 (decimal 483)
   defining Unicode char U+01E6 (decimal 486)
   defining Unicode char U+01E7 (decimal 487)
   defining Unicode char U+01E8 (decimal 488)
   defining Unicode char U+01E9 (decimal 489)
   defining Unicode char U+01EA (decimal 490)
   defining Unicode char U+01EB (decimal 491)
   defining Unicode char U+01F0 (decimal 496)
   defining Unicode char U+01F4 (decimal 500)
   defining Unicode char U+01F5 (decimal 501)
   defining Unicode char U+0218 (decimal 536)
   defining Unicode char U+0219 (decimal 537)
   defining Unicode char U+021A (decimal 538)
   defining Unicode char U+021B (decimal 539)
   defining Unicode char U+0232 (decimal 562)
   defining Unicode char U+0233 (decimal 563)
   defining Unicode char U+1E02 (decimal 7682)
   defining Unicode char U+1E03 (decimal 7683)
   defining Unicode char U+200C (decimal 8204)
   defining Unicode char U+2010 (decimal 8208)
   defining Unicode char U+2011 (decimal 8209)
   defining Unicode char U+2012 (decimal 8210)
   defining Unicode char U+2013 (decimal 8211)
   defining Unicode char U+2014 (decimal 8212)
   defining Unicode char U+2015 (decimal 8213)
   defining Unicode char U+2018 (decimal 8216)
   defining Unicode char U+2019 (decimal 8217)
   defining Unicode char U+201A (decimal 8218)
   defining Unicode char U+201C (decimal 8220)
   defining Unicode char U+201D (decimal 8221)
   defining Unicode char U+201E (decimal 8222)
   defining Unicode char U+2030 (decimal 8240)
   defining Unicode char U+2031 (decimal 8241)
   defining Unicode char U+2039 (decimal 8249)
   defining Unicode char U+203A (decimal 8250)
   defining Unicode char U+2423 (decimal 9251)
   defining Unicode char U+1E20 (decimal 7712)
   defining Unicode char U+1E21 (decimal 7713)
)
Now handling font encoding OT1 ...
... processing UTF-8 mapping file for font encoding OT1

("C:\Program Files\MiKTeX 2.9\tex\latex\base\ot1enc.dfu"
File: ot1enc.dfu 2017/01/28 v1.1t UTF-8 support for inputenc
   defining Unicode char U+00A0 (decimal 160)
   defining Unicode char U+00A1 (decimal 161)
   defining Unicode char U+00A3 (decimal 163)
   defining Unicode char U+00AD (decimal 173)
   defining Unicode char U+00B8 (decimal 184)
   defining Unicode char U+00BF (decimal 191)
   defining Unicode char U+00C5 (decimal 197)
   defining Unicode char U+00C6 (decimal 198)
   defining Unicode char U+00D8 (decimal 216)
   defining Unicode char U+00DF (decimal 223)
   defining Unicode char U+00E6 (decimal 230)
   defining Unicode char U+00EC (decimal 236)
   defining Unicode char U+00ED (decimal 237)
   defining Unicode char U+00EE (decimal 238)
   defining Unicode char U+00EF (decimal 239)
   defining Unicode char U+00F8 (decimal 248)
   defining Unicode char U+0131 (decimal 305)
   defining Unicode char U+0141 (decimal 321)
   defining Unicode char U+0142 (decimal 322)
   defining Unicode char U+0152 (decimal 338)
   defining Unicode char U+0153 (decimal 339)
   defining Unicode char U+0174 (decimal 372)
   defining Unicode char U+0175 (decimal 373)
   defining Unicode char U+0176 (decimal 374)
   defining Unicode char U+0177 (decimal 375)
   defining Unicode char U+0218 (decimal 536)
   defining Unicode char U+0219 (decimal 537)
   defining Unicode char U+021A (decimal 538)
   defining Unicode char U+021B (decimal 539)
   defining Unicode char U+2013 (decimal 8211)
   defining Unicode char U+2014 (decimal 8212)
   defining Unicode char U+2018 (decimal 8216)
   defining Unicode char U+2019 (decimal 8217)
   defining Unicode char U+201C (decimal 8220)
   defining Unicode char U+201D (decimal 8221)
)
Now handling font encoding OMS ...
... processing UTF-8 mapping file for font encoding OMS

("C:\Program Files\MiKTeX 2.9\tex\latex\base\omsenc.dfu"
File: omsenc.dfu 2017/01/28 v1.1t UTF-8 support for inputenc
   defining Unicode char U+00A7 (decimal 167)
   defining Unicode char U+00B6 (decimal 182)
   defining Unicode char U+00B7 (decimal 183)
   defining Unicode char U+2020 (decimal 8224)
   defining Unicode char U+2021 (decimal 8225)
   defining Unicode char U+2022 (decimal 8226)
)
Now handling font encoding OMX ...
... no UTF-8 mapping file for font encoding OMX
Now handling font encoding U ...
... no UTF-8 mapping file for font encoding U
Now handling font encoding PD1 ...
... no UTF-8 mapping file for font encoding PD1
   defining Unicode char U+00A9 (decimal 169)
   defining Unicode char U+00AA (decimal 170)
   defining Unicode char U+00AE (decimal 174)
   defining Unicode char U+00BA (decimal 186)
   defining Unicode char U+02C6 (decimal 710)
   defining Unicode char U+02DC (decimal 732)
   defining Unicode char U+200C (decimal 8204)
   defining Unicode char U+2026 (decimal 8230)
   defining Unicode char U+2122 (decimal 8482)
   defining Unicode char U+2423 (decimal 9251)
))
("C:\Program Files\MiKTeX 2.9\tex\generic\babel\babel.sty"
Package: babel 2016/04/23 3.9r The Babel package

*************************************
* Local config file bblopts.cfg used
*

("C:\Users\Carlos Cardona\AppData\Roaming\MiKTeX\2.9\tex\latex\arabi\bblopts.cf
g"
File: bblopts.cfg 2005/09/08 v0.1 add Arabic and Farsi to "declared" options of
 babel
) ("C:\Program Files\MiKTeX 2.9\tex\latex\babel-spanish\spanish.ldf"
Language: spanish.ldf 2016/03/03 v5.0p Spanish support from the babel system

("C:\Program Files\MiKTeX 2.9\tex\generic\babel\babel.def"
File: babel.def 2016/04/23 3.9r Babel common definitions
\babel@savecnt=\count155
\U@D=\dimen195
LaTeX Info: Redefining \textlatin on input line 1448.
)
\es@quottoks=\toks45
\es@quotdepth=\count156
Package babel Info: Making " an active character on input line 561.
Package babel Info: Making . an active character on input line 662.
Package babel Info: Making < an active character on input line 707.
Package babel Info: Making > an active character on input line 707.
))
("C:\Users\Carlos Cardona\AppData\Roaming\MiKTeX\2.9\tex\latex\subfigure\subfig
ure.sty"
Package: subfigure 2002/07/30 v2.1.4 subfigure package
\subfigtopskip=\skip57
\subfigcapskip=\skip58
\subfigcaptopadj=\dimen196
\subfigbottomskip=\skip59
\subfigcapmargin=\dimen197
\subfiglabelskip=\skip60
\c@subfigure=\count157
\c@lofdepth=\count158
\c@subtable=\count159
\c@lotdepth=\count160

****************************************
* Local config file subfigure.cfg used *
****************************************

("C:\Users\Carlos Cardona\AppData\Roaming\MiKTeX\2.9\tex\latex\subfigure\subfig
ure.cfg")
\subfig@top=\skip61
\subfig@bottom=\skip62
)
("C:\Users\Carlos Cardona\AppData\Roaming\MiKTeX\2.9\tex\latex\qtree\qtree.sty"
Package: 2008/12/12 v.3.1bQtree: tree-drawing for linguistics
Package: qtree 2008/12/12 v.3.1bQtree: tree-drawing for linguistics

("C:\Users\Carlos Cardona\AppData\Roaming\MiKTeX\2.9\tex\latex\pict2e\pict2e.st
y"
Package: pict2e 2016/02/05 v0.3b Improved picture commands (HjG,RN,JT)

("C:\Users\Carlos Cardona\AppData\Roaming\MiKTeX\2.9\tex\latex\pict2e\pict2e.cf
g"
File: pict2e.cfg 2016/02/05 v0.1u pict2e configuration for teTeX/TeXLive
)
Package pict2e Info: Driver file: pdftex.def on input line 119.
Package pict2e Info: Driver file for pict2e: p2e-pdftex.def on input line 121.

("C:\Users\Carlos Cardona\AppData\Roaming\MiKTeX\2.9\tex\latex\pict2e\p2e-pdfte
x.def"
File: p2e-pdftex.def 2016/02/05 v0.1u Driver-dependant file (RN,HjG,JT)
)
\pIIe@GRAPH=\toks46
\@arclen=\dimen198
\@arcrad=\dimen199
\@tempdimd=\dimen256
)
\c@treecount=\count161
\c@branchcount=\count162
\parentbox=\box53
\treebox=\box54
\treeboxone=\box55
\treeboxtwo=\box56
\treeboxthree=\box57
\treeboxfour=\box58
\treeboxfive=\box59
\treeboxsix=\box60
\treeboxseven=\box61
\treeboxeight=\box62
\treeboxnine=\box63
\treeboxten=\box64
\treeboxeleven=\box65
\treeboxtwelve=\box66
\treeboxthirteen=\box67
\treeboxfourteen=\box68
\treeboxfifteen=\box69
\treeboxsixteen=\box70
\treeboxseventeen=\box71
\treeboxeighteen=\box72
\treeboxnineteen=\box73
\treeboxtwenty=\box74
\treeoffsetone=\skip63
\treeoffsettwo=\skip64
\treeoffsetthree=\skip65
\treeoffsetfour=\skip66
\treeoffsetfive=\skip67
\treeoffsetsix=\skip68
\treeoffsetseven=\skip69
\treeoffseteight=\skip70
\treeoffsetnine=\skip71
\treeoffsetten=\skip72
\treeoffseteleven=\skip73
\treeoffsettwelve=\skip74
\treeoffsetthirteen=\skip75
\treeoffsetfourteen=\skip76
\treeoffsetfifteen=\skip77
\treeoffsetsixteen=\skip78
\treeoffsetseventeen=\skip79
\treeoffseteighteen=\skip80
\treeoffsetnineteen=\skip81
\treeoffsettwenty=\skip82
\treeshiftone=\skip83
\treeshifttwo=\skip84
\treeshiftthree=\skip85
\treeshiftfour=\skip86
\treeshiftfive=\skip87
\treeshiftsix=\skip88
\treeshiftseven=\skip89
\treeshifteight=\skip90
\treeshiftnine=\skip91
\treeshiftten=\skip92
\treeshifteleven=\skip93
\treeshifttwelve=\skip94
\treeshiftthirteen=\skip95
\treeshiftfourteen=\skip96
\treeshiftfifteen=\skip97
\treeshiftsixteen=\skip98
\treeshiftseventeen=\skip99
\treeshifteighteen=\skip100
\treeshiftnineteen=\skip101
\treeshifttwenty=\skip102
\treewidthone=\skip103
\treewidthtwo=\skip104
\treewidththree=\skip105
\treewidthfour=\skip106
\treewidthfive=\skip107
\treewidthsix=\skip108
\treewidthseven=\skip109
\treewidtheight=\skip110
\treewidthnine=\skip111
\treewidthten=\skip112
\treewidtheleven=\skip113
\treewidthtwelve=\skip114
\treewidththirteen=\skip115
\treewidthfourteen=\skip116
\treewidthfifteen=\skip117
\treewidthsixteen=\skip118
\treewidthseventeen=\skip119
\treewidtheighteen=\skip120
\treewidthnineteen=\skip121
\treewidthtwenty=\skip122
\daughteroffsetone=\skip123
\daughteroffsettwo=\skip124
\daughteroffsetthree=\skip125
\daughteroffsetfour=\skip126
\branchwidthone=\skip127
\branchwidthtwo=\skip128
\branchwidththree=\skip129
\branchwidthfour=\skip130
\parentoffset=\skip131
\treeoffset=\skip132
\daughteroffset=\skip133
\branchwidth=\skip134
\parentwidth=\skip135
\treewidth=\skip136
\qta=\toks47
\qtb=\toks48
\nbranches=\count163
\qroofx=\count164
\qroofy=\count165
\@qrscratchbox=\box75
)
("C:\Users\Carlos Cardona\AppData\Roaming\MiKTeX\2.9\tex\latex\pgf\frontendlaye
r\tikz.sty"
("C:\Users\Carlos Cardona\AppData\Roaming\MiKTeX\2.9\tex\latex\pgf\basiclayer\p
gf.sty"
Package: pgf 2015/08/07 v3.0.1a (rcs-revision 1.15)

("C:\Users\Carlos Cardona\AppData\Roaming\MiKTeX\2.9\tex\generic\pgf\modules\pg
fmoduleshapes.code.tex"
File: pgfmoduleshapes.code.tex 2014/03/21  (rcs-revision 1.35)
\pgfnodeparttextbox=\box76
)
("C:\Users\Carlos Cardona\AppData\Roaming\MiKTeX\2.9\tex\generic\pgf\modules\pg
fmoduleplot.code.tex"
File: pgfmoduleplot.code.tex 2015/08/03  (rcs-revision 1.13)
)
("C:\Users\Carlos Cardona\AppData\Roaming\MiKTeX\2.9\tex\latex\pgf\compatibilit
y\pgfcomp-version-0-65.sty"
Package: pgfcomp-version-0-65 2007/07/03 v3.0.1a (rcs-revision 1.7)
\pgf@nodesepstart=\dimen257
\pgf@nodesepend=\dimen258
)
("C:\Users\Carlos Cardona\AppData\Roaming\MiKTeX\2.9\tex\latex\pgf\compatibilit
y\pgfcomp-version-1-18.sty"
Package: pgfcomp-version-1-18 2007/07/23 v3.0.1a (rcs-revision 1.1)
))
("C:\Users\Carlos Cardona\AppData\Roaming\MiKTeX\2.9\tex\latex\pgf\utilities\pg
ffor.sty"
("C:\Users\Carlos Cardona\AppData\Roaming\MiKTeX\2.9\tex\latex\pgf\utilities\pg
fkeys.sty"
("C:\Users\Carlos Cardona\AppData\Roaming\MiKTeX\2.9\tex\generic\pgf\utilities\
pgfkeys.code.tex"))
("C:\Users\Carlos Cardona\AppData\Roaming\MiKTeX\2.9\tex\latex\pgf\math\pgfmath
.sty"
("C:\Users\Carlos Cardona\AppData\Roaming\MiKTeX\2.9\tex\generic\pgf\math\pgfma
th.code.tex"))
("C:\Users\Carlos Cardona\AppData\Roaming\MiKTeX\2.9\tex\generic\pgf\utilities\
pgffor.code.tex"
Package: pgffor 2013/12/13 v3.0.1a (rcs-revision 1.25)

("C:\Users\Carlos Cardona\AppData\Roaming\MiKTeX\2.9\tex\generic\pgf\math\pgfma
th.code.tex")
\pgffor@iter=\dimen259
\pgffor@skip=\dimen260
\pgffor@stack=\toks49
\pgffor@toks=\toks50
))
("C:\Users\Carlos Cardona\AppData\Roaming\MiKTeX\2.9\tex\generic\pgf\frontendla
yer\tikz\tikz.code.tex"
Package: tikz 2015/08/07 v3.0.1a (rcs-revision 1.151)

("C:\Users\Carlos Cardona\AppData\Roaming\MiKTeX\2.9\tex\generic\pgf\libraries\
pgflibraryplothandlers.code.tex"
File: pgflibraryplothandlers.code.tex 2013/08/31 v3.0.1a (rcs-revision 1.20)
\pgf@plot@mark@count=\count166
\pgfplotmarksize=\dimen261
)
\tikz@lastx=\dimen262
\tikz@lasty=\dimen263
\tikz@lastxsaved=\dimen264
\tikz@lastysaved=\dimen265
\tikzleveldistance=\dimen266
\tikzsiblingdistance=\dimen267
\tikz@figbox=\box77
\tikz@figbox@bg=\box78
\tikz@tempbox=\box79
\tikz@tempbox@bg=\box80
\tikztreelevel=\count167
\tikznumberofchildren=\count168
\tikznumberofcurrentchild=\count169
\tikz@fig@count=\count170

("C:\Users\Carlos Cardona\AppData\Roaming\MiKTeX\2.9\tex\generic\pgf\modules\pg
fmodulematrix.code.tex"
File: pgfmodulematrix.code.tex 2013/09/17  (rcs-revision 1.8)
\pgfmatrixcurrentrow=\count171
\pgfmatrixcurrentcolumn=\count172
\pgf@matrix@numberofcolumns=\count173
)
\tikz@expandcount=\count174

("C:\Users\Carlos Cardona\AppData\Roaming\MiKTeX\2.9\tex\generic\pgf\frontendla
yer\tikz\libraries\tikzlibrarytopaths.code.tex"
File: tikzlibrarytopaths.code.tex 2008/06/17 v3.0.1a (rcs-revision 1.2)
)))
("C:\Users\Carlos Cardona\AppData\Roaming\MiKTeX\2.9\tex\latex\pgfplots\pgfplot
s.sty"
("C:\Users\Carlos Cardona\AppData\Roaming\MiKTeX\2.9\tex\generic\pgfplots\pgfpl
ots.revision.tex")
Package: pgfplots 2016/08/10 v1.14 Data Visualization (1.14)

("C:\Users\Carlos Cardona\AppData\Roaming\MiKTeX\2.9\tex\generic\pgfplots\pgfpl
ots.code.tex"
("C:\Users\Carlos Cardona\AppData\Roaming\MiKTeX\2.9\tex\generic\pgfplots\pgfpl
otscore.code.tex"
\t@pgfplots@toka=\toks51
\t@pgfplots@tokb=\toks52
\t@pgfplots@tokc=\toks53
\pgfplots@tmpa=\dimen268
\c@pgfplots@coordindex=\count175
\c@pgfplots@scanlineindex=\count176

("C:\Users\Carlos Cardona\AppData\Roaming\MiKTeX\2.9\tex\generic\pgfplots\sys\p
gfplotssysgeneric.code.tex"))
("C:\Users\Carlos Cardona\AppData\Roaming\MiKTeX\2.9\tex\generic\pgfplots\libs\
pgfplotslibrary.code.tex")
("C:\Users\Carlos Cardona\AppData\Roaming\MiKTeX\2.9\tex\generic\pgfplots\oldpg
fcompatib\pgfplotsoldpgfsupp_loader.code.tex"
("C:\Users\Carlos Cardona\AppData\Roaming\MiKTeX\2.9\tex\generic\pgf\libraries\
pgflibraryfpu.code.tex")
Package pgfplots: loading complementary arithmetics for your pgf version...

("C:\Users\Carlos Cardona\AppData\Roaming\MiKTeX\2.9\tex\generic\pgfplots\oldpg
fcompatib\pgfplotsoldpgfsupp_pgflibraryfpu.code.tex")
("C:\Users\Carlos Cardona\AppData\Roaming\MiKTeX\2.9\tex\generic\pgfplots\oldpg
fcompatib\pgfplotsoldpgfsupp_pgfmathfloat.code.tex"
\c@pgfmathroundto@lastzeros=\count177
))
("C:\Users\Carlos Cardona\AppData\Roaming\MiKTeX\2.9\tex\generic\pgfplots\util\
pgfplotsutil.code.tex"
("C:\Users\Carlos Cardona\AppData\Roaming\MiKTeX\2.9\tex\generic\pgfplots\lists
tructure\pgfplotsliststructure.code.tex")
("C:\Users\Carlos Cardona\AppData\Roaming\MiKTeX\2.9\tex\generic\pgfplots\lists
tructure\pgfplotsliststructureext.code.tex")
("C:\Users\Carlos Cardona\AppData\Roaming\MiKTeX\2.9\tex\generic\pgfplots\lists
tructure\pgfplotsarray.code.tex"
\c@pgfplotsarray@tmp=\count178
)
("C:\Users\Carlos Cardona\AppData\Roaming\MiKTeX\2.9\tex\generic\pgfplots\lists
tructure\pgfplotsmatrix.code.tex")
("C:\Users\Carlos Cardona\AppData\Roaming\MiKTeX\2.9\tex\generic\pgfplots\numta
ble\pgfplotstableshared.code.tex"
\c@pgfplotstable@counta=\count179
\t@pgfplotstable@a=\toks54
)
("C:\Users\Carlos Cardona\AppData\Roaming\MiKTeX\2.9\tex\generic\pgfplots\lists
tructure\pgfplotsdeque.code.tex")
("C:\Users\Carlos Cardona\AppData\Roaming\MiKTeX\2.9\tex\generic\pgfplots\util\
pgfplotsbinary.code.tex"
("C:\Users\Carlos Cardona\AppData\Roaming\MiKTeX\2.9\tex\generic\pgfplots\util\
pgfplotsbinary.data.code.tex"))
("C:\Users\Carlos Cardona\AppData\Roaming\MiKTeX\2.9\tex\generic\pgfplots\util\
pgfplotsutil.verb.code.tex")
("C:\Users\Carlos Cardona\AppData\Roaming\MiKTeX\2.9\tex\generic\pgfplots\libs\
pgflibrarypgfplots.surfshading.code.tex"
\c@pgfplotslibrarysurf@no=\count180

("C:\Users\Carlos Cardona\AppData\Roaming\MiKTeX\2.9\tex\generic\pgfplots\sys\p
gflibrarypgfplots.surfshading.pgfsys-pdftex.def")))
("C:\Users\Carlos Cardona\AppData\Roaming\MiKTeX\2.9\tex\generic\pgfplots\util\
pgfplotscolormap.code.tex"
("C:\Users\Carlos Cardona\AppData\Roaming\MiKTeX\2.9\tex\generic\pgfplots\util\
pgfplotscolor.code.tex"))
("C:\Users\Carlos Cardona\AppData\Roaming\MiKTeX\2.9\tex\generic\pgfplots\pgfpl
otsstackedplots.code.tex")
("C:\Users\Carlos Cardona\AppData\Roaming\MiKTeX\2.9\tex\generic\pgfplots\pgfpl
otsplothandlers.code.tex"
("C:\Users\Carlos Cardona\AppData\Roaming\MiKTeX\2.9\tex\generic\pgfplots\pgfpl
otsmeshplothandler.code.tex"
("C:\Users\Carlos Cardona\AppData\Roaming\MiKTeX\2.9\tex\generic\pgfplots\pgfpl
otsmeshplotimage.code.tex")))
("C:\Users\Carlos Cardona\AppData\Roaming\MiKTeX\2.9\tex\generic\pgfplots\pgfpl
ots.scaling.code.tex")
("C:\Users\Carlos Cardona\AppData\Roaming\MiKTeX\2.9\tex\generic\pgfplots\pgfpl
otscoordprocessing.code.tex")
("C:\Users\Carlos Cardona\AppData\Roaming\MiKTeX\2.9\tex\generic\pgfplots\pgfpl
ots.errorbars.code.tex")
("C:\Users\Carlos Cardona\AppData\Roaming\MiKTeX\2.9\tex\generic\pgfplots\pgfpl
ots.markers.code.tex")
("C:\Users\Carlos Cardona\AppData\Roaming\MiKTeX\2.9\tex\generic\pgfplots\pgfpl
otsticks.code.tex")
("C:\Users\Carlos Cardona\AppData\Roaming\MiKTeX\2.9\tex\generic\pgfplots\pgfpl
ots.paths.code.tex")
("C:\Users\Carlos Cardona\AppData\Roaming\MiKTeX\2.9\tex\generic\pgf\frontendla
yer\tikz\libraries\tikzlibrarydecorations.code.tex"
("C:\Users\Carlos Cardona\AppData\Roaming\MiKTeX\2.9\tex\generic\pgf\modules\pg
fmoduledecorations.code.tex"
\pgfdecoratedcompleteddistance=\dimen269
\pgfdecoratedremainingdistance=\dimen270
\pgfdecoratedinputsegmentcompleteddistance=\dimen271
\pgfdecoratedinputsegmentremainingdistance=\dimen272
\pgf@decorate@distancetomove=\dimen273
\pgf@decorate@repeatstate=\count181
\pgfdecorationsegmentamplitude=\dimen274
\pgfdecorationsegmentlength=\dimen275
)
\tikz@lib@dec@box=\box81
)
("C:\Users\Carlos Cardona\AppData\Roaming\MiKTeX\2.9\tex\generic\pgf\frontendla
yer\tikz\libraries\tikzlibrarydecorations.pathmorphing.code.tex"
("C:\Users\Carlos Cardona\AppData\Roaming\MiKTeX\2.9\tex\generic\pgf\libraries\
decorations\pgflibrarydecorations.pathmorphing.code.tex"))
("C:\Users\Carlos Cardona\AppData\Roaming\MiKTeX\2.9\tex\generic\pgf\frontendla
yer\tikz\libraries\tikzlibrarydecorations.pathreplacing.code.tex"
("C:\Users\Carlos Cardona\AppData\Roaming\MiKTeX\2.9\tex\generic\pgf\libraries\
decorations\pgflibrarydecorations.pathreplacing.code.tex"))
\pgfplots@numplots=\count182
\pgfplots@xmin@reg=\dimen276
\pgfplots@xmax@reg=\dimen277
\pgfplots@ymin@reg=\dimen278
\pgfplots@ymax@reg=\dimen279
\pgfplots@zmin@reg=\dimen280
\pgfplots@zmax@reg=\dimen281
)
("C:\Users\Carlos Cardona\AppData\Roaming\MiKTeX\2.9\tex\generic\pgf\frontendla
yer\tikz\libraries\tikzlibraryplotmarks.code.tex"
File: tikzlibraryplotmarks.code.tex 2008/01/09 v3.0.1a (rcs-revision 1.1)

("C:\Users\Carlos Cardona\AppData\Roaming\MiKTeX\2.9\tex\generic\pgf\libraries\
pgflibraryplotmarks.code.tex"
File: pgflibraryplotmarks.code.tex 2015/08/03 v3.0.1a (rcs-revision 1.14)
)))
("C:\Users\Carlos Cardona\AppData\Roaming\MiKTeX\2.9\tex\latex\pgfplots\pgfplot
stable.sty"
("C:\Users\Carlos Cardona\AppData\Roaming\MiKTeX\2.9\tex\generic\pgfplots\pgfpl
ots.revision.tex")
Package: pgfplotstable 2016/08/10 v1.14 Table typesetting and Pretty-printing (
1.14)

("C:\Users\Carlos Cardona\AppData\Roaming\MiKTeX\2.9\tex\generic\pgfplots\numta
ble\pgfplotstable.code.tex"
("C:\Users\Carlos Cardona\AppData\Roaming\MiKTeX\2.9\tex\generic\pgfplots\numta
ble\pgfplotstable.coltype.code.tex"))
("C:\Program Files\MiKTeX 2.9\tex\latex\tools\array.sty"
Package: array 2016/10/06 v2.4d Tabular extension package (FMi)
\col@sep=\dimen282
\extrarowheight=\dimen283
\NC@list=\toks55
\extratabsurround=\skip137
\backup@length=\skip138
))
("C:\Users\Carlos Cardona\AppData\Roaming\MiKTeX\2.9\tex\generic\pgfplots\libs\
tikzlibrarypgfplots.statistics.code.tex")
("C:\Program Files\MiKTeX 2.9\tex\latex\base\fontenc.sty"
Package: fontenc 2017/04/05 v2.0i Standard LaTeX package

("C:\Program Files\MiKTeX 2.9\tex\latex\base\t1enc.def"
File: t1enc.def 2017/04/05 v2.0i Standard LaTeX file
LaTeX Font Info:    Redeclaring font encoding T1 on input line 48.
))
("C:\Users\Carlos Cardona\AppData\Roaming\MiKTeX\2.9\tex\latex\bera\bera.sty"
Package: bera 2004/01/31 (WaS)

("C:\Program Files\MiKTeX 2.9\tex\latex\base\fontenc.sty"
Package: fontenc 2017/04/05 v2.0i Standard LaTeX package

("C:\Program Files\MiKTeX 2.9\tex\latex\base\t1enc.def"
File: t1enc.def 2017/04/05 v2.0i Standard LaTeX file
LaTeX Font Info:    Redeclaring font encoding T1 on input line 48.
))
("C:\Program Files\MiKTeX 2.9\tex\latex\base\textcomp.sty"
Package: textcomp 2017/04/05 v2.0i Standard LaTeX package
Package textcomp Info: Sub-encoding information:
(textcomp)               5 = only ISO-Adobe without \textcurrency
(textcomp)               4 = 5 + \texteuro
(textcomp)               3 = 4 + \textohm
(textcomp)               2 = 3 + \textestimated + \textcurrency
(textcomp)               1 = TS1 - \textcircled - \t
(textcomp)               0 = TS1 (full)
(textcomp)             Font families with sub-encoding setting implement
(textcomp)             only a restricted character set as indicated.
(textcomp)             Family '?' is the default used for unknown fonts.
(textcomp)             See the documentation for details.
Package textcomp Info: Setting ? sub-encoding to TS1/1 on input line 79.

("C:\Program Files\MiKTeX 2.9\tex\latex\base\ts1enc.def"
File: ts1enc.def 2001/06/05 v3.0e (jk/car/fm) Standard LaTeX file
Now handling font encoding TS1 ...
... processing UTF-8 mapping file for font encoding TS1

("C:\Program Files\MiKTeX 2.9\tex\latex\base\ts1enc.dfu"
File: ts1enc.dfu 2017/01/28 v1.1t UTF-8 support for inputenc
   defining Unicode char U+00A2 (decimal 162)
   defining Unicode char U+00A3 (decimal 163)
   defining Unicode char U+00A4 (decimal 164)
   defining Unicode char U+00A5 (decimal 165)
   defining Unicode char U+00A6 (decimal 166)
   defining Unicode char U+00A7 (decimal 167)
   defining Unicode char U+00A8 (decimal 168)
   defining Unicode char U+00A9 (decimal 169)
   defining Unicode char U+00AA (decimal 170)
   defining Unicode char U+00AC (decimal 172)
   defining Unicode char U+00AE (decimal 174)
   defining Unicode char U+00AF (decimal 175)
   defining Unicode char U+00B0 (decimal 176)
   defining Unicode char U+00B1 (decimal 177)
   defining Unicode char U+00B2 (decimal 178)
   defining Unicode char U+00B3 (decimal 179)
   defining Unicode char U+00B4 (decimal 180)
   defining Unicode char U+00B5 (decimal 181)
   defining Unicode char U+00B6 (decimal 182)
   defining Unicode char U+00B7 (decimal 183)
   defining Unicode char U+00B9 (decimal 185)
   defining Unicode char U+00BA (decimal 186)
   defining Unicode char U+00BC (decimal 188)
   defining Unicode char U+00BD (decimal 189)
   defining Unicode char U+00BE (decimal 190)
   defining Unicode char U+00D7 (decimal 215)
   defining Unicode char U+00F7 (decimal 247)
   defining Unicode char U+0192 (decimal 402)
   defining Unicode char U+02C7 (decimal 711)
   defining Unicode char U+02D8 (decimal 728)
   defining Unicode char U+02DD (decimal 733)
   defining Unicode char U+0E3F (decimal 3647)
   defining Unicode char U+2016 (decimal 8214)
   defining Unicode char U+2020 (decimal 8224)
   defining Unicode char U+2021 (decimal 8225)
   defining Unicode char U+2022 (decimal 8226)
   defining Unicode char U+2030 (decimal 8240)
   defining Unicode char U+2031 (decimal 8241)
   defining Unicode char U+203B (decimal 8251)
   defining Unicode char U+203D (decimal 8253)
   defining Unicode char U+2044 (decimal 8260)
   defining Unicode char U+204E (decimal 8270)
   defining Unicode char U+2052 (decimal 8274)
   defining Unicode char U+20A1 (decimal 8353)
   defining Unicode char U+20A4 (decimal 8356)
   defining Unicode char U+20A6 (decimal 8358)
   defining Unicode char U+20A9 (decimal 8361)
   defining Unicode char U+20AB (decimal 8363)
   defining Unicode char U+20AC (decimal 8364)
   defining Unicode char U+20B1 (decimal 8369)
   defining Unicode char U+2103 (decimal 8451)
   defining Unicode char U+2116 (decimal 8470)
   defining Unicode char U+2117 (decimal 8471)
   defining Unicode char U+211E (decimal 8478)
   defining Unicode char U+2120 (decimal 8480)
   defining Unicode char U+2122 (decimal 8482)
   defining Unicode char U+2126 (decimal 8486)
   defining Unicode char U+2127 (decimal 8487)
   defining Unicode char U+212E (decimal 8494)
   defining Unicode char U+2190 (decimal 8592)
   defining Unicode char U+2191 (decimal 8593)
   defining Unicode char U+2192 (decimal 8594)
   defining Unicode char U+2193 (decimal 8595)
   defining Unicode char U+2329 (decimal 9001)
   defining Unicode char U+232A (decimal 9002)
   defining Unicode char U+2422 (decimal 9250)
   defining Unicode char U+25E6 (decimal 9702)
   defining Unicode char U+25EF (decimal 9711)
   defining Unicode char U+266A (decimal 9834)
))
LaTeX Info: Redefining \oldstylenums on input line 334.
Package textcomp Info: Setting cmr sub-encoding to TS1/0 on input line 349.
Package textcomp Info: Setting cmss sub-encoding to TS1/0 on input line 350.
Package textcomp Info: Setting cmtt sub-encoding to TS1/0 on input line 351.
Package textcomp Info: Setting cmvtt sub-encoding to TS1/0 on input line 352.
Package textcomp Info: Setting cmbr sub-encoding to TS1/0 on input line 353.
Package textcomp Info: Setting cmtl sub-encoding to TS1/0 on input line 354.
Package textcomp Info: Setting ccr sub-encoding to TS1/0 on input line 355.
Package textcomp Info: Setting ptm sub-encoding to TS1/4 on input line 356.
Package textcomp Info: Setting pcr sub-encoding to TS1/4 on input line 357.
Package textcomp Info: Setting phv sub-encoding to TS1/4 on input line 358.
Package textcomp Info: Setting ppl sub-encoding to TS1/3 on input line 359.
Package textcomp Info: Setting pag sub-encoding to TS1/4 on input line 360.
Package textcomp Info: Setting pbk sub-encoding to TS1/4 on input line 361.
Package textcomp Info: Setting pnc sub-encoding to TS1/4 on input line 362.
Package textcomp Info: Setting pzc sub-encoding to TS1/4 on input line 363.
Package textcomp Info: Setting bch sub-encoding to TS1/4 on input line 364.
Package textcomp Info: Setting put sub-encoding to TS1/5 on input line 365.
Package textcomp Info: Setting uag sub-encoding to TS1/5 on input line 366.
Package textcomp Info: Setting ugq sub-encoding to TS1/5 on input line 367.
Package textcomp Info: Setting ul8 sub-encoding to TS1/4 on input line 368.
Package textcomp Info: Setting ul9 sub-encoding to TS1/4 on input line 369.
Package textcomp Info: Setting augie sub-encoding to TS1/5 on input line 370.
Package textcomp Info: Setting dayrom sub-encoding to TS1/3 on input line 371.
Package textcomp Info: Setting dayroms sub-encoding to TS1/3 on input line 372.

Package textcomp Info: Setting pxr sub-encoding to TS1/0 on input line 373.
Package textcomp Info: Setting pxss sub-encoding to TS1/0 on input line 374.
Package textcomp Info: Setting pxtt sub-encoding to TS1/0 on input line 375.
Package textcomp Info: Setting txr sub-encoding to TS1/0 on input line 376.
Package textcomp Info: Setting txss sub-encoding to TS1/0 on input line 377.
Package textcomp Info: Setting txtt sub-encoding to TS1/0 on input line 378.
Package textcomp Info: Setting lmr sub-encoding to TS1/0 on input line 379.
Package textcomp Info: Setting lmdh sub-encoding to TS1/0 on input line 380.
Package textcomp Info: Setting lmss sub-encoding to TS1/0 on input line 381.
Package textcomp Info: Setting lmssq sub-encoding to TS1/0 on input line 382.
Package textcomp Info: Setting lmvtt sub-encoding to TS1/0 on input line 383.
Package textcomp Info: Setting lmtt sub-encoding to TS1/0 on input line 384.
Package textcomp Info: Setting qhv sub-encoding to TS1/0 on input line 385.
Package textcomp Info: Setting qag sub-encoding to TS1/0 on input line 386.
Package textcomp Info: Setting qbk sub-encoding to TS1/0 on input line 387.
Package textcomp Info: Setting qcr sub-encoding to TS1/0 on input line 388.
Package textcomp Info: Setting qcs sub-encoding to TS1/0 on input line 389.
Package textcomp Info: Setting qpl sub-encoding to TS1/0 on input line 390.
Package textcomp Info: Setting qtm sub-encoding to TS1/0 on input line 391.
Package textcomp Info: Setting qzc sub-encoding to TS1/0 on input line 392.
Package textcomp Info: Setting qhvc sub-encoding to TS1/0 on input line 393.
Package textcomp Info: Setting futs sub-encoding to TS1/4 on input line 394.
Package textcomp Info: Setting futx sub-encoding to TS1/4 on input line 395.
Package textcomp Info: Setting futj sub-encoding to TS1/4 on input line 396.
Package textcomp Info: Setting hlh sub-encoding to TS1/3 on input line 397.
Package textcomp Info: Setting hls sub-encoding to TS1/3 on input line 398.
Package textcomp Info: Setting hlst sub-encoding to TS1/3 on input line 399.
Package textcomp Info: Setting hlct sub-encoding to TS1/5 on input line 400.
Package textcomp Info: Setting hlx sub-encoding to TS1/5 on input line 401.
Package textcomp Info: Setting hlce sub-encoding to TS1/5 on input line 402.
Package textcomp Info: Setting hlcn sub-encoding to TS1/5 on input line 403.
Package textcomp Info: Setting hlcw sub-encoding to TS1/5 on input line 404.
Package textcomp Info: Setting hlcf sub-encoding to TS1/5 on input line 405.
Package textcomp Info: Setting pplx sub-encoding to TS1/3 on input line 406.
Package textcomp Info: Setting pplj sub-encoding to TS1/3 on input line 407.
Package textcomp Info: Setting ptmx sub-encoding to TS1/4 on input line 408.
Package textcomp Info: Setting ptmj sub-encoding to TS1/4 on input line 409.
)
("C:\Users\Carlos Cardona\AppData\Roaming\MiKTeX\2.9\tex\latex\bera\beraserif.s
ty"
Package: beraserif 2004/01/30 (WaS)
)
("C:\Users\Carlos Cardona\AppData\Roaming\MiKTeX\2.9\tex\latex\bera\berasans.st
y"
Package: berasans 2004/01/30 (WaS)
)
("C:\Users\Carlos Cardona\AppData\Roaming\MiKTeX\2.9\tex\latex\bera\beramono.st
y"
Package: beramono 2004/01/31 (WaS)
)
LaTeX Font Info:    Try loading font information for T1+fvs on input line 9.
 ("C:\Users\Carlos Cardona\AppData\Roaming\MiKTeX\2.9\tex\latex\bera\t1fvs.fd"
File: t1fvs.fd 2004/09/07 scalable font definitions for T1/fvs.
)
LaTeX Font Info:    Font shape `T1/fvs/m/n' will be
(Font)              scaled to size 9.85492pt on input line 9.
)
("C:\Users\Carlos Cardona\AppData\Roaming\MiKTeX\2.9\tex\latex\pstricks-add\pst
ricks-add.sty" ("C:\Program Files\MiKTeX 2.9\tex\latex\pstricks\pstricks.sty"
Package: pstricks 2017/03/17 v0.63 LaTeX wrapper for `PSTricks' (RN,HV)

("C:\Program Files\MiKTeX 2.9\tex\generic\pstricks\pstricks.tex"
("C:\Program Files\MiKTeX 2.9\tex\generic\xkeyval\pst-xkey.tex"
File: pst-xkey.tex 2005/11/25 v1.6 PSTricks specialization of xkeyval (HA)

("C:\Program Files\MiKTeX 2.9\tex\latex\xkeyval\xkeyval.sty"
Package: xkeyval 2014/12/03 v2.7a package option processing (HA)

("C:\Program Files\MiKTeX 2.9\tex\generic\xkeyval\xkeyval.tex"
("C:\Program Files\MiKTeX 2.9\tex\generic\xkeyval\xkvutils.tex"
\XKV@toks=\toks56
\XKV@tempa@toks=\toks57
)
\XKV@depth=\count183
File: xkeyval.tex 2014/12/03 v2.7a key=value parser (HA)
)))
("C:\Program Files\MiKTeX 2.9\tex\generic\pstricks\pst-fp.tex"
`pst-fp' v0.05, 2010/01/17 (hv)
\pstFP@xs=\count184
\pstFP@xia=\count185
\pstFP@xib=\count186
\pstFP@xfa=\count187
\pstFP@xfb=\count188
\pstFP@rega=\count189
\pstFP@regb=\count190
\pstFP@regs=\count191
\pstFP@times=\count192
)
("C:\Users\Carlos Cardona\AppData\Roaming\MiKTeX\2.9\tex\generic\pgf\utilities\
pgfkeys.code.tex")
\psLoopIndex=\count193

`PSTricks' v2.72b  <2017/04/19> (tvz)
\pst@dima=\dimen284
\pst@dimb=\dimen285
\pst@dimc=\dimen286
\pst@dimd=\dimen287
\pst@dimg=\dimen288
\pst@dimh=\dimen289
\pst@dimm=\dimen290
\pst@dimn=\dimen291
\pst@dimo=\dimen292
\pst@dimp=\dimen293
\pst@hbox=\box82
\pst@ibox=\box83
\pst@boxg=\box84
\pst@cnta=\count194
\pst@cntb=\count195
\pst@cntc=\count196
\pst@cntd=\count197
\pst@cntg=\count198
\pst@cnth=\count199
\pst@cntm=\count266
\pst@cntn=\count267
\pst@cnto=\count268
\pst@cntp=\count269
\@zero=\count270
\pst@toks=\toks58
("C:\Program Files\MiKTeX 2.9\tex\generic\pstricks\pstricks.con")
\psunit=\dimen294
\psxunit=\dimen295
\psyunit=\dimen296
\pst@C@@rType=\count271
\pslinewidth=\dimen297
\psk@startLW=\dimen298
\psk@endLW=\dimen299
\pst@customdefs=\toks59
\pslinearc=\dimen300
\pst@symbolStep=\dimen301
\pst@symbolWidth=\dimen302
\pst@symbolLinewidth=\dimen303
\everypsbox=\toks60
\psframesep=\dimen304
\pslabelsep=\dimen305
\sh@wgridXunit=\dimen306
\sh@wgridYunit=\dimen307
\pst@shift=\dimen308
)
File: pstricks.tex 2017/04/19 v2.72b `PSTricks' (tvz,hv)

("C:\Program Files\MiKTeX 2.9\tex\generic\pstricks\pst-fp.tex")
File: pst-fp.tex 2017/04/19 v2.72b `PST-fp' (hv)
)
("C:\Users\Carlos Cardona\AppData\Roaming\MiKTeX\2.9\tex\latex\pst-plot\pst-plo
t.sty"
Package: pst-plot 2011/06/05 v1.00 LaTeX wrapper for `pst-plot' (HV)
 ("C:\Program Files\MiKTeX 2.9\tex\latex\xkeyval\pst-xkey.sty"
Package: pst-xkey 2005/11/25 v1.6 package wrapper for pst-xkey.tex (HA)
)
("C:\Users\Carlos Cardona\AppData\Roaming\MiKTeX\2.9\tex\latex\multido\multido.
sty"
Package: multido 2004/05/17 package wrapper for PSTricks `multido.tex', (HV/RN)


("C:\Users\Carlos Cardona\AppData\Roaming\MiKTeX\2.9\tex\generic\multido\multid
o.tex"  v1.42, 2010/05/14 <tvz>
\multido@count=\count272
\multidocount=\count273
\multido@stuff=\toks61
)
File: multido.tex 2010/05/14 v1.42 `multido' (tvz,hv)
)
Package: pst-plot 2011/04/13 package wrapper for pst-plot.tex (hv)

("C:\Users\Carlos Cardona\AppData\Roaming\MiKTeX\2.9\tex\generic\pst-plot\pst-p
lot.tex"
("C:\Users\Carlos Cardona\AppData\Roaming\MiKTeX\2.9\tex\generic\pst-tools\pst-
tools.tex" `PST-tools' v0.05, 2014/05/12 (hv))
("C:\Users\Carlos Cardona\AppData\Roaming\MiKTeX\2.9\tex\generic\pstricks-add\p
stricks-add.tex"
("C:\Users\Carlos Cardona\AppData\Roaming\MiKTeX\2.9\tex\generic\pst-node\pst-n
ode.tex"  v1.39, 2017/01/20
\psrow=\count274
\pscol=\count275
\psmatrixcnt=\count276
\psrowsep=\skip139
\pscolsep=\skip140
\pst@args=\count277
\num@pts=\count278
\pst@argcnt=\count279
)
("C:\Users\Carlos Cardona\AppData\Roaming\MiKTeX\2.9\tex\generic\pst-arrow\pst-
arrow.tex" `pst-arrow' v0.01, 2016/09/01 (dr,hv)
\pshooklength=\dimen309
\pshookwidth=\dimen310
)
("C:\Users\Carlos Cardona\AppData\Roaming\MiKTeX\2.9\tex\generic\pst-3d\pst-3d.
tex" `PST-3d' v1.11, 2010/02/14 (tvz))
("C:\Users\Carlos Cardona\AppData\Roaming\MiKTeX\2.9\tex\generic\pst-math\pst-m
ath.tex" `pst-math' v0.63 , (CJ,hv)) `pstricks-add' v3.82, 2016/09/01 (dr,hv)
\psparallelogramsep=\dimen311
\pst@cntC=\count280
\chart@ColorIndex=\dimen312
\chart@ColorStep=\dimen313
\pst@chartHeight=\dimen314
\pst@chartStackDepth=\dimen315
\pst@chartStackWidth=\dimen316
\chart@Toggle=\count281
\psVectorCtr=\count282
)
 v1.78, 2017/04/16 (tvz,hv)
\pstRadUnit=\dimen317
\pstRadUnitInv=\dimen318
\pst@linecnt=\count283
\RCD@file=\read2
\psxlabelsep=\dimen319
\psylabelsep=\dimen320
\psk@subticksize=\dimen321
\pst@xticksizeA=\dimen322
\pst@xticksizeB=\dimen323
\pst@xticksizeC=\dimen324
\pst@yticksizeA=\dimen325
\pst@yticksizeB=\dimen326
\pst@yticksizeC=\dimen327
\@digitcounter=\count284
\psk@llx=\dimen328
\psk@lly=\dimen329
\psk@urx=\dimen330
\psk@ury=\dimen331
\pst@xunit=\dimen332
\pst@yunit=\dimen333
)
File: pst-plot.tex 2017/04/16 1.78 `pst-plot' (tvz,hv)
)
("C:\Users\Carlos Cardona\AppData\Roaming\MiKTeX\2.9\tex\latex\pst-node\pst-nod
e.sty"
Package: pst-node 2012/09/18 v1.01 LaTeX wrapper for `pst-node' (HV)
Package: pst-node 2010/04/22 package wrapper for pst-node.tex

("C:\Users\Carlos Cardona\AppData\Roaming\MiKTeX\2.9\tex\generic\pst-node\pst-n
ode.tex")
File: pst-node.tex 2017/04/16 1.78 `pst-node' (tvz,hv)
)
("C:\Users\Carlos Cardona\AppData\Roaming\MiKTeX\2.9\tex\latex\pst-3d\pst-3d.st
y"
Package: pst-3d 2009/07/28 package wrapper for pst-3d.tex (hv)

("C:\Users\Carlos Cardona\AppData\Roaming\MiKTeX\2.9\tex\generic\pst-3d\pst-3d.
tex")
File: pst-3d.tex 2017/04/16 v1.78 `PST-3d' (hv)
)
("C:\Users\Carlos Cardona\AppData\Roaming\MiKTeX\2.9\tex\latex\pst-math\pst-mat
h.sty"
Package: pst-math 2014/07/30 package wrapper for PSTricks pst-math.tex

("C:\Users\Carlos Cardona\AppData\Roaming\MiKTeX\2.9\tex\generic\pst-math\pst-m
ath.tex")
File: pst-math.tex 2017/04/16 v1.78 `PST-math' (hv)
)
Package: pstricks-add 2010/02/11 v. 0.14 package wrapper for pstricks-add.tex (
hv)

("C:\Users\Carlos Cardona\AppData\Roaming\MiKTeX\2.9\tex\generic\pstricks-add\p
stricks-add.tex")
File: pstricks-add.tex 2017/04/16 v1.78 `PSTricks-add' (hv)
Package pstricks-add Info: Local config file pstricks-add.cfg used on input lin
e 20.

("C:\Users\Carlos Cardona\AppData\Roaming\MiKTeX\2.9\tex\latex\pstricks-add\pst
ricks-add.cfg"
File: pstricks-add.cfg 2005/01/10 v0.1 addtional user stuff (hv)
))
("C:\Users\Carlos Cardona\AppData\Roaming\MiKTeX\2.9\tex\latex\floatrow\floatro
w.sty"
Package: floatrow 2008/08/02 v0.3b floatrow: float package extension
\c@float@type=\count285
\float@exts=\toks62
\float@box=\box85
\@floatcapt=\box86
Package floatrow Info: Modified float package code loaded on input line 455.
Package floatrow Info: Modified rotfloat package code loaded on input line 473.

\FR@everyfloat=\toks63
\flrow@foot=\insert252
\FB@wd=\dimen334
\FBo@wd=\dimen335
\FBc@wd=\dimen336
\FBo@ht=\skip141
\FBc@ht=\skip142
\FBf@ht=\skip143
\FBo@max=\skip144
\FBc@max=\skip145
\FBf@max=\skip146
\c@FBl@b=\count286
\floatbox@depth=\count287
\c@FRobj=\count288
\c@FRsobj=\count289
\Xhsize=\skip147
\sXhsize=\skip148
\Zhsize=\skip149
\sZhsize=\skip150
\flrow@rowbox=\box87
\FR@Zunitlength=\dimen337
\c@FBcnt=\count290
\FPOScnt=\count291
\LTleft=\skip151
\LTright=\skip152
\LTleft=\skip153
\LTright=\skip154
\flrow@types=\toks64
)
("C:\Users\Carlos Cardona\AppData\Roaming\MiKTeX\2.9\tex\latex\ms\ragged2e.sty"
Package: ragged2e 2009/05/21 v2.1 ragged2e Package (MS)
("C:\Users\Carlos Cardona\AppData\Roaming\MiKTeX\2.9\tex\latex\ms\everysel.sty"
Package: everysel 2011/10/28 v1.2 EverySelectfont Package (MS)
)
\CenteringLeftskip=\skip155
\RaggedLeftLeftskip=\skip156
\RaggedRightLeftskip=\skip157
\CenteringRightskip=\skip158
\RaggedLeftRightskip=\skip159
\RaggedRightRightskip=\skip160
\CenteringParfillskip=\skip161
\RaggedLeftParfillskip=\skip162
\RaggedRightParfillskip=\skip163
\JustifyingParfillskip=\skip164
\CenteringParindent=\skip165
\RaggedLeftParindent=\skip166
\RaggedRightParindent=\skip167
\JustifyingParindent=\skip168
)
("C:\Users\Carlos Cardona\AppData\Roaming\MiKTeX\2.9\tex\latex\smartdiagram\sma
rtdiagram.sty"
Package: smartdiagram 2016/12/23 v0.3b Automatic creation of smart diagrams fro
m lists of items.

("C:\Users\Carlos Cardona\AppData\Roaming\MiKTeX\2.9\tex\latex\l3packages\xpars
e\xparse.sty"
("C:\Users\Carlos Cardona\AppData\Roaming\MiKTeX\2.9\tex\latex\l3kernel\expl3.s
ty"
Package: expl3 2017/04/01 L3 programming layer (loader) 

("C:\Users\Carlos Cardona\AppData\Roaming\MiKTeX\2.9\tex\latex\l3kernel\expl3-c
ode.tex"
Package: expl3 2017/04/01 L3 programming layer (code)
\c_max_int=\count292
\l_tmpa_int=\count293
\l_tmpb_int=\count294
\g_tmpa_int=\count295
\g_tmpb_int=\count296
\g__prg_map_int=\count297
\c_log_iow=\count298
\l_iow_line_count_int=\count299
\l__iow_line_target_int=\count300
\l__iow_one_indent_int=\count301
\l__iow_indent_int=\count302
\c_zero_dim=\dimen338
\c_max_dim=\dimen339
\l_tmpa_dim=\dimen340
\l_tmpb_dim=\dimen341
\g_tmpa_dim=\dimen342
\g_tmpb_dim=\dimen343
\c_zero_skip=\skip169
\c_max_skip=\skip170
\l_tmpa_skip=\skip171
\l_tmpb_skip=\skip172
\g_tmpa_skip=\skip173
\g_tmpb_skip=\skip174
\c_zero_muskip=\muskip12
\c_max_muskip=\muskip13
\l_tmpa_muskip=\muskip14
\l_tmpb_muskip=\muskip15
\g_tmpa_muskip=\muskip16
\g_tmpb_muskip=\muskip17
\l_keys_choice_int=\count303
\c__fp_leading_shift_int=\count304
\c__fp_middle_shift_int=\count305
\c__fp_trailing_shift_int=\count306
\c__fp_big_leading_shift_int=\count307
\c__fp_big_middle_shift_int=\count308
\c__fp_big_trailing_shift_int=\count309
\c__fp_Bigg_leading_shift_int=\count310
\c__fp_Bigg_middle_shift_int=\count311
\c__fp_Bigg_trailing_shift_int=\count312
\c__fp_rand_size_int=\count313
\c__fp_rand_four_int=\count314
\c__fp_rand_eight_int=\count315
\l__sort_length_int=\count316
\l__sort_min_int=\count317
\l__sort_top_int=\count318
\l__sort_max_int=\count319
\l__sort_true_max_int=\count320
\l__sort_block_int=\count321
\l__sort_begin_int=\count322
\l__sort_end_int=\count323
\l__sort_A_int=\count324
\l__sort_B_int=\count325
\l__sort_C_int=\count326
\c_empty_box=\box88
\l_tmpa_box=\box89
\l_tmpb_box=\box90
\g_tmpa_box=\box91
\g_tmpb_box=\box92
\l__coffin_internal_box=\box93
\l__coffin_internal_dim=\dimen344
\l__coffin_offset_x_dim=\dimen345
\l__coffin_offset_y_dim=\dimen346
\l__coffin_x_dim=\dimen347
\l__coffin_y_dim=\dimen348
\l__coffin_x_prime_dim=\dimen349
\l__coffin_y_prime_dim=\dimen350
\c_empty_coffin=\box94
\l__coffin_aligned_coffin=\box95
\l__coffin_aligned_internal_coffin=\box96
\l_tmpa_coffin=\box97
\l_tmpb_coffin=\box98
\l__coffin_display_coffin=\box99
\l__coffin_display_coord_coffin=\box100
\l__coffin_display_pole_coffin=\box101
\l__coffin_display_offset_dim=\dimen351
\l__coffin_display_x_dim=\dimen352
\l__coffin_display_y_dim=\dimen353
\l__box_top_dim=\dimen354
\l__box_bottom_dim=\dimen355
\l__box_left_dim=\dimen356
\l__box_right_dim=\dimen357
\l__box_top_new_dim=\dimen358
\l__box_bottom_new_dim=\dimen359
\l__box_left_new_dim=\dimen360
\l__box_right_new_dim=\dimen361
\l__box_internal_box=\box102
\l__coffin_bounding_shift_dim=\dimen362
\l__coffin_left_corner_dim=\dimen363
\l__coffin_right_corner_dim=\dimen364
\l__coffin_bottom_corner_dim=\dimen365
\l__coffin_top_corner_dim=\dimen366
\l__coffin_scaled_total_height_dim=\dimen367
\l__coffin_scaled_width_dim=\dimen368
)
("C:\Users\Carlos Cardona\AppData\Roaming\MiKTeX\2.9\tex\latex\l3kernel\l3pdfmo
de.def"
File: l3pdfmode.def 2017/03/18 v L3 Experimental driver: PDF mode
\l__driver_color_stack_int=\count327
\l__driver_tmp_box=\box103
))
Package: xparse 2017/04/01 L3 Experimental document command parser
\l__xparse_current_arg_int=\count328
\g__xparse_grabber_int=\count329
\l__xparse_m_args_int=\count330
\l__xparse_mandatory_args_int=\count331
\l__xparse_v_nesting_int=\count332
)
("C:\Users\Carlos Cardona\AppData\Roaming\MiKTeX\2.9\tex\latex\xstring\xstring.
sty"
("C:\Users\Carlos Cardona\AppData\Roaming\MiKTeX\2.9\tex\generic\xstring\xstrin
g.tex"
\@xs@message=\write5
\integerpart=\count333
\decimalpart=\count334
)
Package: xstring 2013/10/13  v1.7c  String manipulations (C Tellechea)
)
("C:\Users\Carlos Cardona\AppData\Roaming\MiKTeX\2.9\tex\generic\pgf\frontendla
yer\tikz\libraries\tikzlibrarybackgrounds.code.tex"
File: tikzlibrarybackgrounds.code.tex 2013/07/18 v3.0.1a (rcs-revision 1.3)
\pgf@layerbox@background=\box104
\pgf@layerboxsaved@background=\box105
)
("C:\Users\Carlos Cardona\AppData\Roaming\MiKTeX\2.9\tex\generic\pgf\frontendla
yer\tikz\libraries\tikzlibrarycalc.code.tex"
File: tikzlibrarycalc.code.tex 2013/07/15 v3.0.1a (rcs-revision 1.9)
)
("C:\Users\Carlos Cardona\AppData\Roaming\MiKTeX\2.9\tex\generic\pgf\frontendla
yer\tikz\libraries\tikzlibraryfadings.code.tex"
File: tikzlibraryfadings.code.tex 2009/11/15 v3.0.1a (rcs-revision 1.2)

("C:\Users\Carlos Cardona\AppData\Roaming\MiKTeX\2.9\tex\generic\pgf\libraries\
pgflibraryfadings.code.tex"
File: pgflibraryfadings.code.tex 2008/02/07 v3.0.1a (rcs-revision 1.3)
))
("C:\Users\Carlos Cardona\AppData\Roaming\MiKTeX\2.9\tex\generic\pgf\frontendla
yer\tikz\libraries\tikzlibraryshadows.code.tex"
File: tikzlibraryshadows.code.tex 2008/01/13 v3.0.1a (rcs-revision 1.3)
)
("C:\Users\Carlos Cardona\AppData\Roaming\MiKTeX\2.9\tex\generic\pgf\frontendla
yer\tikz\libraries\tikzlibraryshapes.arrows.code.tex"
File: tikzlibraryshapes.arrows.code.tex 2008/01/09 v3.0.1a (rcs-revision 1.1)

("C:\Users\Carlos Cardona\AppData\Roaming\MiKTeX\2.9\tex\generic\pgf\libraries\
shapes\pgflibraryshapes.arrows.code.tex"
File: pgflibraryshapes.arrows.code.tex 2008/06/26 v3.0.1a (rcs-revision 1.1)
))
("C:\Users\Carlos Cardona\AppData\Roaming\MiKTeX\2.9\tex\generic\pgf\frontendla
yer\tikz\libraries\tikzlibraryshapes.symbols.code.tex"
File: tikzlibraryshapes.symbols.code.tex 2008/01/09 v3.0.1a (rcs-revision 1.1)

("C:\Users\Carlos Cardona\AppData\Roaming\MiKTeX\2.9\tex\generic\pgf\libraries\
shapes\pgflibraryshapes.symbols.code.tex"
File: pgflibraryshapes.symbols.code.tex 2013/09/11 v3.0.1a (rcs-revision 1.6)
))
\pgf@layerbox@smart diagram arrow back=\box106
\pgf@layerboxsaved@smart diagram arrow back=\box107

("C:\Users\Carlos Cardona\AppData\Roaming\MiKTeX\2.9\tex\latex\smartdiagram\sma
rtdiagramlibrarycore.definitions.code.tex"
.................................................
. LaTeX info: "xparse/define-command"
. 
. Defining command \smartdiagramset with sig. 'm' on line 262.
.................................................
)
("C:\Users\Carlos Cardona\AppData\Roaming\MiKTeX\2.9\tex\latex\smartdiagram\sma
rtdiagramlibrarycore.styles.code.tex")
("C:\Users\Carlos Cardona\AppData\Roaming\MiKTeX\2.9\tex\latex\smartdiagram\sma
rtdiagramlibrarycore.commands.code.tex"
.................................................
. LaTeX info: "xparse/define-command"
. 
. Defining command \smartdiagram with sig. 'r[] m' on line 244.
.................................................
.................................................
. LaTeX info: "xparse/define-command"
. 
. Defining command \smartdiagramanimated with sig. 'r[] m' on line 487.
.................................................
))
("C:\Users\Carlos Cardona\AppData\Roaming\MiKTeX\2.9\tex\generic\pgf\frontendla
yer\tikz\libraries\tikzlibraryshapes.geometric.code.tex"
File: tikzlibraryshapes.geometric.code.tex 2008/01/09 v3.0.1a (rcs-revision 1.1
)

("C:\Users\Carlos Cardona\AppData\Roaming\MiKTeX\2.9\tex\generic\pgf\libraries\
shapes\pgflibraryshapes.geometric.code.tex"
File: pgflibraryshapes.geometric.code.tex 2008/06/26 v3.0.1a (rcs-revision 1.1)

))
\cyclecount=\count335
\ind=\count336


LaTeX Warning: File `data.csv' already exists on the system.
               Not generating it from this source.

(intro.aux
LaTeX Info: Redefining \. on input line 23.
LaTeX Info: Redefining \% on input line 23.
)
\openout1 = `intro.aux'.

LaTeX Font Info:    Checking defaults for OML/cmm/m/it on input line 85.
LaTeX Font Info:    ... okay on input line 85.
LaTeX Font Info:    Checking defaults for T1/cmr/m/n on input line 85.
LaTeX Font Info:    ... okay on input line 85.
LaTeX Font Info:    Checking defaults for OT1/cmr/m/n on input line 85.
LaTeX Font Info:    ... okay on input line 85.
LaTeX Font Info:    Checking defaults for OMS/cmsy/m/n on input line 85.
LaTeX Font Info:    ... okay on input line 85.
LaTeX Font Info:    Checking defaults for OMX/cmex/m/n on input line 85.
LaTeX Font Info:    ... okay on input line 85.
LaTeX Font Info:    Checking defaults for U/cmr/m/n on input line 85.
LaTeX Font Info:    ... okay on input line 85.
LaTeX Font Info:    Checking defaults for PD1/pdf/m/n on input line 85.
LaTeX Font Info:    ... okay on input line 85.
LaTeX Font Info:    Checking defaults for TS1/cmr/m/n on input line 85.
LaTeX Font Info:    Try loading font information for TS1+cmr on input line 85.
 ("C:\Program Files\MiKTeX 2.9\tex\latex\base\ts1cmr.fd"
File: ts1cmr.fd 2014/09/29 v2.5h Standard LaTeX font definitions
)
LaTeX Font Info:    ... okay on input line 85.

*geometry* driver: auto-detecting
*geometry* detected driver: pdftex
*geometry* verbose mode - [ preamble ] result:
* driver: pdftex
* paper: custom
* layout: <same size as paper>
* layoutoffset:(h,v)=(0.0pt,0.0pt)
* modes: includehead includefoot 
* h-part:(L,W,R)=(5.0pt, 334.19536pt, 25.0pt)
* v-part:(T,H,B)=(0.0pt, 273.14662pt, 0.0pt)
* \paperwidth=364.19536pt
* \paperheight=273.14662pt
* \textwidth=334.19536pt
* \textheight=244.6939pt
* \oddsidemargin=-67.26999pt
* \evensidemargin=-67.26999pt
* \topmargin=-72.26999pt
* \headheight=14.22636pt
* \headsep=0.0pt
* \topskip=11.0pt
* \footskip=14.22636pt
* \marginparwidth=4.0pt
* \marginparsep=10.0pt
* \columnsep=10.0pt
* \skip\footins=10.0pt plus 4.0pt minus 2.0pt
* \hoffset=0.0pt
* \voffset=0.0pt
* \mag=1000
* \@twocolumnfalse
* \@twosidefalse
* \@mparswitchfalse
* \@reversemarginfalse
* (1in=72.27pt=25.4mm, 1cm=28.453pt)


("C:\Users\Carlos Cardona\AppData\Roaming\MiKTeX\2.9\tex\context\base\supp-pdf.
mkii"
[Loading MPS to PDF converter (version 2006.09.02).]
\scratchcounter=\count337
\scratchdimen=\dimen369
\scratchbox=\box108
\nofMPsegments=\count338
\nofMParguments=\count339
\everyMPshowfont=\toks65
\MPscratchCnt=\count340
\MPscratchDim=\dimen370
\MPnumerator=\count341
\makeMPintoPDFobject=\count342
\everyMPtoPDFconversion=\toks66
) ("C:\Program Files\MiKTeX 2.9\tex\latex\oberdiek\epstopdf-base.sty"
Package: epstopdf-base 2016/05/15 v2.6 Base part for package epstopdf

("C:\Program Files\MiKTeX 2.9\tex\latex\oberdiek\grfext.sty"
Package: grfext 2016/05/16 v1.2 Manage graphics extensions (HO)
)
Package epstopdf-base Info: Redefining graphics rule for `.eps' on input line 4
38.
Package grfext Info: Graphics extension search list:
(grfext)             [.png,.pdf,.jpg,.mps,.jpeg,.jbig2,.jb2,.PNG,.PDF,.JPG,.JPE
G,.JBIG2,.JB2,.eps]
(grfext)             \AppendGraphicsExtensions on input line 456.
)
ABD: EveryShipout initializing macros
\AtBeginShipoutBox=\box109
Package hyperref Info: Link coloring OFF on input line 85.

("C:\Program Files\MiKTeX 2.9\tex\latex\hyperref\nameref.sty"
Package: nameref 2016/05/21 v2.44 Cross-referencing by name of section

("C:\Program Files\MiKTeX 2.9\tex\generic\oberdiek\gettitlestring.sty"
Package: gettitlestring 2016/05/16 v1.5 Cleanup title references (HO)
)
\c@section@level=\count343
)
LaTeX Info: Redefining \ref on input line 85.
LaTeX Info: Redefining \pageref on input line 85.
LaTeX Info: Redefining \nameref on input line 85.

(intro.out) (intro.out)
\@outlinefile=\write6
\openout6 = `intro.out'.

LaTeX Font Info:    Overwriting symbol font `operators' in version `normal'
(Font)                  OT1/cmr/m/n --> OT1/cmss/m/n on input line 85.
LaTeX Font Info:    Overwriting symbol font `operators' in version `bold'
(Font)                  OT1/cmr/bx/n --> OT1/cmss/b/n on input line 85.
\symnumbers=\mathgroup6
\sympureletters=\mathgroup7
LaTeX Font Info:    Overwriting math alphabet `\mathrm' in version `normal'
(Font)                  OT1/cmss/m/n --> T1/fve/m/n on input line 85.
LaTeX Font Info:    Redeclaring math alphabet \mathbf on input line 85.
LaTeX Font Info:    Overwriting math alphabet `\mathbf' in version `normal'
(Font)                  OT1/cmr/bx/n --> T1/fvs/b/n on input line 85.
LaTeX Font Info:    Overwriting math alphabet `\mathbf' in version `bold'
(Font)                  OT1/cmr/bx/n --> T1/fvs/b/n on input line 85.
LaTeX Font Info:    Redeclaring math alphabet \mathsf on input line 85.
LaTeX Font Info:    Overwriting math alphabet `\mathsf' in version `normal'
(Font)                  OT1/cmss/m/n --> T1/fvs/m/n on input line 85.
LaTeX Font Info:    Overwriting math alphabet `\mathsf' in version `bold'
(Font)                  OT1/cmss/bx/n --> T1/fvs/m/n on input line 85.
LaTeX Font Info:    Redeclaring math alphabet \mathit on input line 85.
LaTeX Font Info:    Overwriting math alphabet `\mathit' in version `normal'
(Font)                  OT1/cmr/m/it --> T1/fvs/m/it on input line 85.
LaTeX Font Info:    Overwriting math alphabet `\mathit' in version `bold'
(Font)                  OT1/cmr/bx/it --> T1/fvs/m/it on input line 85.
LaTeX Font Info:    Redeclaring math alphabet \mathtt on input line 85.
LaTeX Font Info:    Overwriting math alphabet `\mathtt' in version `normal'
(Font)                  OT1/cmtt/m/n --> T1/fvm/m/n on input line 85.
LaTeX Font Info:    Overwriting math alphabet `\mathtt' in version `bold'
(Font)                  OT1/cmtt/m/n --> T1/fvm/m/n on input line 85.
LaTeX Font Info:    Overwriting symbol font `numbers' in version `bold'
(Font)                  T1/fvs/m/n --> T1/fvs/b/n on input line 85.
LaTeX Font Info:    Overwriting symbol font `pureletters' in version `bold'
(Font)                  T1/fvs/m/it --> T1/fvs/b/it on input line 85.
LaTeX Font Info:    Overwriting math alphabet `\mathrm' in version `bold'
(Font)                  OT1/cmss/b/n --> T1/fve/b/n on input line 85.
LaTeX Font Info:    Overwriting math alphabet `\mathbf' in version `bold'
(Font)                  T1/fvs/b/n --> T1/fvs/b/n on input line 85.
LaTeX Font Info:    Overwriting math alphabet `\mathsf' in version `bold'
(Font)                  T1/fvs/m/n --> T1/fvs/b/n on input line 85.
LaTeX Font Info:    Overwriting math alphabet `\mathit' in version `bold'
(Font)                  T1/fvs/m/it --> T1/fvs/b/it on input line 85.
LaTeX Font Info:    Overwriting math alphabet `\mathtt' in version `bold'
(Font)                  T1/fvm/m/n --> T1/fvm/b/n on input line 85.

("C:\Users\Carlos Cardona\AppData\Roaming\MiKTeX\2.9\tex\latex\beamer\translato
r\dicts\translator-basic-dictionary\translator-basic-dictionary-English.dict"
Dictionary: translator-basic-dictionary, Language: English 
)
("C:\Users\Carlos Cardona\AppData\Roaming\MiKTeX\2.9\tex\latex\beamer\translato
r\dicts\translator-bibliography-dictionary\translator-bibliography-dictionary-E
nglish.dict"
Dictionary: translator-bibliography-dictionary, Language: English 
)
("C:\Users\Carlos Cardona\AppData\Roaming\MiKTeX\2.9\tex\latex\beamer\translato
r\dicts\translator-environment-dictionary\translator-environment-dictionary-Eng
lish.dict"
Dictionary: translator-environment-dictionary, Language: English 
)
("C:\Users\Carlos Cardona\AppData\Roaming\MiKTeX\2.9\tex\latex\beamer\translato
r\dicts\translator-months-dictionary\translator-months-dictionary-English.dict"
Dictionary: translator-months-dictionary, Language: English 
)
("C:\Users\Carlos Cardona\AppData\Roaming\MiKTeX\2.9\tex\latex\beamer\translato
r\dicts\translator-numbers-dictionary\translator-numbers-dictionary-English.dic
t"
Dictionary: translator-numbers-dictionary, Language: English 
)
("C:\Users\Carlos Cardona\AppData\Roaming\MiKTeX\2.9\tex\latex\beamer\translato
r\dicts\translator-theorem-dictionary\translator-theorem-dictionary-English.dic
t"
Dictionary: translator-theorem-dictionary, Language: English 
)
LaTeX Info: Redefining \includegraphics on input line 85.
Package caption Info: Begin \AtBeginDocument code.
Package caption Info: floatrow package is loaded.
Package caption Info: float package is loaded.
Package caption Info: floatrow package is loaded.
Package caption Info: subfigure package is loaded.
Package caption Info: End \AtBeginDocument code.
LaTeX Info: Redefining \. on input line 85.
LaTeX Info: Redefining \% on input line 85.


Package pgfplots Warning: running in backwards compatibility mode (unsuitable t
ick labels; missing features). Consider writing \pgfplotsset{compat=1.14} into 
your preamble.
 on input line 85.

ABD: EverySelectfont initializing macros
LaTeX Info: Redefining \selectfont on input line 85.
 (intro.nav)
LaTeX Font Info:    Font shape `T1/fvs/m/n' will be
(Font)              scaled to size 5.39996pt on input line 85.
LaTeX Font Info:    Font shape `T1/fvs/m/n' will be
(Font)              scaled to size 12.9599pt on input line 86.
LaTeX Font Info:    Font shape `T1/fvs/m/n' will be
(Font)              scaled to size 7.19995pt on input line 86.
LaTeX Font Info:    Font shape `T1/fvs/m/n' will be
(Font)              scaled to size 3.59998pt on input line 86.
 [1
Non-PDF special ignored!
Non-PDF special ignored!
Non-PDF special ignored!
Non-PDF special ignored!
Non-PDF special ignored!
Non-PDF special ignored!
Non-PDF special ignored!
Non-PDF special ignored!


Non-PDF special ignored!
Non-PDF special ignored!
Non-PDF special ignored!
Non-PDF special ignored!{C:/Users/Carlos Cardona/AppData/Local/MiKTeX/2.9/pdfte
x/config/pdftex.map}]
LaTeX Font Info:    Font shape `T1/fvs/m/n' will be
(Font)              scaled to size 8.99994pt on input line 101.
 [2

] [3

] [4

]
LaTeX Font Info:    Font shape `T1/fvs/m/it' will be
(Font)              scaled to size 9.85492pt on input line 144.
 [5

] [6

] [7

] [8

] [9

] [10

] [11

] [12

]
LaTeX Font Info:    Try loading font information for U+msa on input line 230.

("C:\Program Files\MiKTeX 2.9\tex\latex\amsfonts\umsa.fd"
File: umsa.fd 2013/01/14 v3.01 AMS symbols A
)
LaTeX Font Info:    Try loading font information for U+msb on input line 230.

("C:\Program Files\MiKTeX 2.9\tex\latex\amsfonts\umsb.fd"
File: umsb.fd 2013/01/14 v3.01 AMS symbols B
)
LaTeX Font Info:    Font shape `T1/fvs/m/it' will be
(Font)              scaled to size 7.19995pt on input line 230.
LaTeX Font Info:    Font shape `T1/fvs/m/it' will be
(Font)              scaled to size 5.39996pt on input line 230.
 [13

] [14

] [15

]
<./graf4.png, id=477, 505.89pt x 242.40562pt>
File: ./graf4.png Graphic file (type png)
 <use ./graf4.png>
Package pdftex.def Info: ./graf4.png used on input line 263.
(pdftex.def)             Requested size: 183.80846pt x 88.07599pt.

<./graf5.png, id=479, 490.83376pt x 321.45094pt>
File: ./graf5.png Graphic file (type png)
 <use ./graf5.png>
Package pdftex.def Info: ./graf5.png used on input line 263.
(pdftex.def)             Requested size: 183.80846pt x 120.37703pt.

Overfull \vbox (3.16423pt too high) detected at line 263
 []

[16

 <./graf4.png> <./graf5.png>] [17

] [18

]
<./graf6.png, id=563, 419.31656pt x 342.5297pt>
File: ./graf6.png Graphic file (type png)
 <use ./graf6.png>
Package pdftex.def Info: ./graf6.png used on input line 285.
(pdftex.def)             Requested size: 317.48456pt x 259.34267pt.

Overfull \vbox (33.05388pt too high) detected at line 285
 []

[19

 <./graf6.png>] [20

] <./graf7.png, id=620, 305.64188pt x 234.8775pt>
File: ./graf7.png Graphic file (type png)

<use ./graf7.png>
Package pdftex.def Info: ./graf7.png used on input line 301.
(pdftex.def)             Requested size: 250.64651pt x 192.61513pt.
LaTeX Font Info:    Font shape `T1/fvs/m/n' will be
(Font)              scaled to size 8.09995pt on input line 301.


LaTeX Font Warning: Font shape `T1/fvs/m/sc' undefined
(Font)              using `T1/fvs/m/n' instead on input line 301.


Overfull \vbox (8.80391pt too high) detected at line 301
 []

[21

 <./graf7.png>] <./graf8.png, id=649, 374.90062pt x 167.87718pt>
File: ./graf8.png Graphic file (type png)

<use ./graf8.png>
Package pdftex.def Info: ./graf8.png used on input line 308.
(pdftex.def)             Requested size: 284.06808pt x 127.21143pt.
LaTeX Font Info:    Font shape `T1/fvs/m/sc' will be
(Font)              scaled to size 8.09995pt on input line 308.
 [22

 <./graf8.png>] [23

] [24

] [25

]
Overfull \hbox (26.79439pt too wide) in paragraph at lines 366--366
[]\T1/fvs/m/n/10.95 Continua: Con-sis-te de un n-me-ro in-fi-ni-to de po-si-bl
es va-lo-res.Adems,
 []

LaTeX Font Info:    Font shape `T1/fvs/b/n' will be
(Font)              scaled to size 9.85492pt on input line 366.
[26

] [27

] [28

] [29

] [30

] [31

] [32

]
Overfull \vbox (31.77516pt too high) detected at line 502
 []

[33

]
Missing character: There is no ; in font nullfont!
 [34

] [35

]
PGFPlots: reading {data.csv}
 [36

] [37

]
\tf@nav=\write7
\openout7 = `intro.nav'.

\tf@toc=\write8
\openout8 = `intro.toc'.

\tf@snm=\write9
\openout9 = `intro.snm'.

Package atveryend Info: Empty hook `BeforeClearDocument' on input line 606.
Package atveryend Info: Empty hook `AfterLastShipout' on input line 606.
 (intro.aux
LaTeX Info: Redefining \. on input line 23.
LaTeX Info: Redefining \% on input line 23.
)
Package atveryend Info: Executing hook `AtVeryEndDocument' on input line 606.
Package atveryend Info: Executing hook `AtEndAfterFileList' on input line 606.
Package rerunfilecheck Info: File `intro.out' has not changed.
(rerunfilecheck)             Checksum: 1D0344D53E427597F3042910E39934D4;107.


LaTeX Font Warning: Some font shapes were not available, defaults substituted.

 ) 
Here is how much of TeX's memory you used:
 47925 strings out of 493328
 1091844 string characters out of 3139095
 1340008 words of memory out of 3000000
 50496 multiletter control sequences out of 15000+200000
 59446 words of font info for 53 fonts, out of 3000000 for 9000
 1141 hyphenation exceptions out of 8191
 64i,17n,105p,10443b,2268s stack positions out of 5000i,500n,10000p,200000b,50000s
{C:/Program Files/MiKTeX 2.9/fonts/enc/dvips/base/8r.enc}<C:/Program Files/Mi
KTeX 2.9/fonts/type1/public/amsfonts/cm/cmex10.pfb><C:/Program Files/MiKTeX 2.9
/fonts/type1/public/amsfonts/cm/cmss10.pfb><C:/Program Files/MiKTeX 2.9/fonts/t
ype1/public/amsfonts/cm/cmsy10.pfb><C:/Users/Carlos Cardona/AppData/Roaming/MiK
TeX/2.9/fonts/type1/bera/fvsb8a.pfb><C:/Users/Carlos Cardona/AppData/Roaming/Mi
KTeX/2.9/fonts/type1/bera/fvsr8a.pfb><C:/Users/Carlos Cardona/AppData/Roaming/M
iKTeX/2.9/fonts/type1/bera/fvsro8a.pfb>
Output written on intro.pdf (37 pages, 495841 bytes).
PDF statistics:
 1130 PDF objects out of 1200 (max. 8388607)
 77 named destinations out of 1000 (max. 500000)
 246 words of extra memory for PDF output out of 10000 (max. 10000000)

