\BOOKMARK [1][-]{section.1}{Resumen}{}% 1
\BOOKMARK [1][-]{section.2}{Prop\363sitos de Formaci\363n del Curso}{}% 2
\BOOKMARK [1][-]{section.3}{Resultados de aprendizaje esperados \(RAE\)}{}% 3
\BOOKMARK [1][-]{section.4}{Contenidos}{}% 4
\BOOKMARK [1][-]{section.5}{Evaluaci\363n}{}% 5
\BOOKMARK [1][-]{section.6}{Acuerdos de funcionamiento \(Reglas de juego\) }{}% 6
\BOOKMARK [1][-]{section.7}{Bibliograf\355a}{}% 7
\BOOKMARK [2][-]{subsection.7.1}{Referencias Principales}{section.7}% 8
\BOOKMARK [2][-]{subsection.7.2}{Referencias Adicionales}{section.7}% 9
\BOOKMARK [1][-]{section.8}{Actividades por Sesi\363n}{}% 10
\BOOKMARK [2][-]{subsection.8.1}{Sesi\363n 1 \(29 de julio\)}{section.8}% 11
\BOOKMARK [2][-]{subsection.8.2}{Sesi\363n 2 \(5 de agosto\)}{section.8}% 12
\BOOKMARK [2][-]{subsection.8.3}{Sesi\363n 3 \(12 de agosto\)}{section.8}% 13
\BOOKMARK [2][-]{subsection.8.4}{Sesi\363n 4 \(19 de agosto\)}{section.8}% 14
\BOOKMARK [2][-]{subsection.8.5}{Sesi\363n 5 \(26 de agosto\)}{section.8}% 15
\BOOKMARK [2][-]{subsection.8.6}{Sesi\363n 6 \(2 de septiembre\)}{section.8}% 16
\BOOKMARK [2][-]{subsection.8.7}{Sesi\363n 7 \(9 de septiembre\)}{section.8}% 17
\BOOKMARK [2][-]{subsection.8.8}{Sesi\363n 8 \(23 de septiembre\)}{section.8}% 18
\BOOKMARK [2][-]{subsection.8.9}{Sesi\363n 9 \(30 de septiembre\)}{section.8}% 19
\BOOKMARK [2][-]{subsection.8.10}{Sesi\363n 10 \(14 de octubre\)}{section.8}% 20
\BOOKMARK [2][-]{subsection.8.11}{Sesi\363n 11 \(21 de octubre\)}{section.8}% 21
\BOOKMARK [2][-]{subsection.8.12}{Sesi\363n 12 \(28 de octubre\)}{section.8}% 22
\BOOKMARK [2][-]{subsection.8.13}{Sesi\363n 13 \(4 de noviembre\)}{section.8}% 23
\BOOKMARK [2][-]{subsection.8.14}{Sesi\363n 14 \(11 de noviembre\)}{section.8}% 24
\BOOKMARK [2][-]{subsection.8.15}{Sesi\363n 15 \(18 de noviembre\)}{section.8}% 25
\BOOKMARK [2][-]{subsection.8.16}{Sesi\363n 16 \(26 de noviembre\)}{section.8}% 26
\BOOKMARK [1][-]{section.9}{Nociones Generales sobre el Proyecto Final}{}% 27
